
C:\ProgramData\Jenkins\.jenkins\LIMS\PDFsCopy>call xcopy "C:\ProgramData\Jenkins\.jenkins\LIMS\TestReport" "Z:\PDFCopyFolder\LIMS\CC" /h /i /c /k /e /r /y 
C:\ProgramData\Jenkins\.jenkins\LIMS\TestReport\AdhocCalibrationSchedule-1230226362.pdf
C:\ProgramData\Jenkins\.jenkins\LIMS\TestReport\AdhocCalibrationSchedule-1236602557.pdf
C:\ProgramData\Jenkins\.jenkins\LIMS\TestReport\AdhocCalibrationSchedule-572831489.pdf
C:\ProgramData\Jenkins\.jenkins\LIMS\TestReport\AdhocCalibrationSchedule2054860089.pdf
C:\ProgramData\Jenkins\.jenkins\LIMS\TestReport\ApproveCalibrationAdhocSchedule-1684437206.pdf
C:\ProgramData\Jenkins\.jenkins\LIMS\TestReport\ApproveCalibrationSchedule-1274270901.pdf
C:\ProgramData\Jenkins\.jenkins\LIMS\TestReport\ApproveCalibrationSchedule1281987916.pdf
C:\ProgramData\Jenkins\.jenkins\LIMS\TestReport\ApproveCalibrationSchedule2102332002.pdf
C:\ProgramData\Jenkins\.jenkins\LIMS\TestReport\ApproveCategory-185104798.pdf
C:\ProgramData\Jenkins\.jenkins\LIMS\TestReport\ApproveCategory231854884.pdf
C:\ProgramData\Jenkins\.jenkins\LIMS\TestReport\ApproveCategory343048024.pdf
C:\ProgramData\Jenkins\.jenkins\LIMS\TestReport\ApproveCOA-1105981514.pdf
C:\ProgramData\Jenkins\.jenkins\LIMS\TestReport\ApproveCOA-1441474610.pdf
C:\ProgramData\Jenkins\.jenkins\LIMS\TestReport\ApproveCOA-1447964226.pdf
C:\ProgramData\Jenkins\.jenkins\LIMS\TestReport\ApproveCOA-148944617.pdf
C:\ProgramData\Jenkins\.jenkins\LIMS\TestReport\ApproveCOA-1491649963.pdf
C:\ProgramData\Jenkins\.jenkins\LIMS\TestReport\ApproveCOA-1503740569.pdf
C:\ProgramData\Jenkins\.jenkins\LIMS\TestReport\ApproveCOA-1526677025.pdf
C:\ProgramData\Jenkins\.jenkins\LIMS\TestReport\ApproveCOA-1725683379.pdf
C:\ProgramData\Jenkins\.jenkins\LIMS\TestReport\ApproveCOA-1864152071.pdf
C:\ProgramData\Jenkins\.jenkins\LIMS\TestReport\ApproveCOA-2079883850.pdf
C:\ProgramData\Jenkins\.jenkins\LIMS\TestReport\ApproveCOA-387085363.pdf
C:\ProgramData\Jenkins\.jenkins\LIMS\TestReport\ApproveCOA-424221633.pdf
C:\ProgramData\Jenkins\.jenkins\LIMS\TestReport\ApproveCOA-441811265.pdf
C:\ProgramData\Jenkins\.jenkins\LIMS\TestReport\ApproveCOA-472267606.pdf
C:\ProgramData\Jenkins\.jenkins\LIMS\TestReport\ApproveCOA-591337216.pdf
C:\ProgramData\Jenkins\.jenkins\LIMS\TestReport\ApproveCOA-595174598.pdf
C:\ProgramData\Jenkins\.jenkins\LIMS\TestReport\ApproveCOA-674640057.pdf
C:\ProgramData\Jenkins\.jenkins\LIMS\TestReport\ApproveCOA-789509180.pdf
C:\ProgramData\Jenkins\.jenkins\LIMS\TestReport\ApproveCOA-94647156.pdf
C:\ProgramData\Jenkins\.jenkins\LIMS\TestReport\ApproveCOA-978222883.pdf
C:\ProgramData\Jenkins\.jenkins\LIMS\TestReport\ApproveCOA1015447922.pdf
C:\ProgramData\Jenkins\.jenkins\LIMS\TestReport\ApproveCOA1236320104.pdf
C:\ProgramData\Jenkins\.jenkins\LIMS\TestReport\ApproveCOA1295174036.pdf
C:\ProgramData\Jenkins\.jenkins\LIMS\TestReport\ApproveCOA1357818257.pdf
C:\ProgramData\Jenkins\.jenkins\LIMS\TestReport\ApproveCOA1436486267.pdf
C:\ProgramData\Jenkins\.jenkins\LIMS\TestReport\ApproveCOA1550460829.pdf
C:\ProgramData\Jenkins\.jenkins\LIMS\TestReport\ApproveCOA1653415372.pdf
C:\ProgramData\Jenkins\.jenkins\LIMS\TestReport\ApproveCOA1829353639.pdf
C:\ProgramData\Jenkins\.jenkins\LIMS\TestReport\ApproveCOA2102579224.pdf
C:\ProgramData\Jenkins\.jenkins\LIMS\TestReport\ApproveCOA2137607994.pdf
C:\ProgramData\Jenkins\.jenkins\LIMS\TestReport\ApproveCOA248924280.pdf
C:\ProgramData\Jenkins\.jenkins\LIMS\TestReport\ApproveCOA408505437.pdf
C:\ProgramData\Jenkins\.jenkins\LIMS\TestReport\ApproveCOA615348623.pdf
C:\ProgramData\Jenkins\.jenkins\LIMS\TestReport\ApproveCOA647416052.pdf
C:\ProgramData\Jenkins\.jenkins\LIMS\TestReport\ApproveCOA743106692.pdf
C:\ProgramData\Jenkins\.jenkins\LIMS\TestReport\ApproveCOA861554243.pdf
C:\ProgramData\Jenkins\.jenkins\LIMS\TestReport\ApproveCOA98769233.pdf
C:\ProgramData\Jenkins\.jenkins\LIMS\TestReport\ApproveCustomer-1162015268.pdf
C:\ProgramData\Jenkins\.jenkins\LIMS\TestReport\ApproveCustomer-1765098746.pdf
C:\ProgramData\Jenkins\.jenkins\LIMS\TestReport\ApproveGrade-1417975511.pdf
C:\ProgramData\Jenkins\.jenkins\LIMS\TestReport\ApproveGrade458020826.pdf
C:\ProgramData\Jenkins\.jenkins\LIMS\TestReport\ApproveGroupRegistration-1210017574.pdf
C:\ProgramData\Jenkins\.jenkins\LIMS\TestReport\ApproveGroupType-1178959340.pdf
C:\ProgramData\Jenkins\.jenkins\LIMS\TestReport\ApproveGroupType-1545823724.pdf
C:\ProgramData\Jenkins\.jenkins\LIMS\TestReport\ApproveInstrumentCategory-1002763061.pdf
C:\ProgramData\Jenkins\.jenkins\LIMS\TestReport\ApproveInstrumentCategory-1546166149.pdf
C:\ProgramData\Jenkins\.jenkins\LIMS\TestReport\ApproveInstrumentCategory-524652606.pdf
C:\ProgramData\Jenkins\.jenkins\LIMS\TestReport\ApproveInstrumentRegistration-1107283961.pdf
C:\ProgramData\Jenkins\.jenkins\LIMS\TestReport\ApproveInstrumentRegistration462425059.pdf
C:\ProgramData\Jenkins\.jenkins\LIMS\TestReport\ApproveInstrumentRegistration473308747.pdf
C:\ProgramData\Jenkins\.jenkins\LIMS\TestReport\ApproveInstrumentTestTemplate-142913466.pdf
C:\ProgramData\Jenkins\.jenkins\LIMS\TestReport\ApproveInstrumentTestTemplate-225812632.pdf
C:\ProgramData\Jenkins\.jenkins\LIMS\TestReport\ApproveInstrumentTestTemplate995617152.pdf
C:\ProgramData\Jenkins\.jenkins\LIMS\TestReport\ApproveLifeCycle1090476890.pdf
C:\ProgramData\Jenkins\.jenkins\LIMS\TestReport\ApproveLoading-2052932654.pdf
C:\ProgramData\Jenkins\.jenkins\LIMS\TestReport\ApproveLoading-2078021523.pdf
C:\ProgramData\Jenkins\.jenkins\LIMS\TestReport\ApproveLoading1708878138.pdf
C:\ProgramData\Jenkins\.jenkins\LIMS\TestReport\ApproveLoading1807243222.pdf
C:\ProgramData\Jenkins\.jenkins\LIMS\TestReport\ApproveLoading1810127969.pdf
C:\ProgramData\Jenkins\.jenkins\LIMS\TestReport\ApproveLoading906261007.pdf
C:\ProgramData\Jenkins\.jenkins\LIMS\TestReport\ApproveManufacturer1003525057.pdf
C:\ProgramData\Jenkins\.jenkins\LIMS\TestReport\ApproveManufacturer1647658750.pdf
C:\ProgramData\Jenkins\.jenkins\LIMS\TestReport\ApproveMasterChamber-1454627935.pdf
C:\ProgramData\Jenkins\.jenkins\LIMS\TestReport\ApproveMasterChamber-1541963125.pdf
C:\ProgramData\Jenkins\.jenkins\LIMS\TestReport\ApproveMasterChamber-2028809248.pdf
C:\ProgramData\Jenkins\.jenkins\LIMS\TestReport\ApproveMasterChamber1102884910.pdf
C:\ProgramData\Jenkins\.jenkins\LIMS\TestReport\ApproveMasterChamber1830403101.pdf
C:\ProgramData\Jenkins\.jenkins\LIMS\TestReport\ApprovePackingType-1525052313.pdf
C:\ProgramData\Jenkins\.jenkins\LIMS\TestReport\ApprovePackingType1964334143.pdf
C:\ProgramData\Jenkins\.jenkins\LIMS\TestReport\ApprovePackingType795136504.pdf
C:\ProgramData\Jenkins\.jenkins\LIMS\TestReport\ApproveProduct-1429332096.pdf
C:\ProgramData\Jenkins\.jenkins\LIMS\TestReport\ApproveProduct-1523363486.pdf
C:\ProgramData\Jenkins\.jenkins\LIMS\TestReport\ApproveProduct-1562846729.pdf
C:\ProgramData\Jenkins\.jenkins\LIMS\TestReport\ApproveProduct-1858467361.pdf
C:\ProgramData\Jenkins\.jenkins\LIMS\TestReport\ApproveProduct-848993253.pdf
C:\ProgramData\Jenkins\.jenkins\LIMS\TestReport\ApproveProduct-89617008.pdf
C:\ProgramData\Jenkins\.jenkins\LIMS\TestReport\ApproveProduct1157457849.pdf
C:\ProgramData\Jenkins\.jenkins\LIMS\TestReport\ApproveProduct125722926.pdf
C:\ProgramData\Jenkins\.jenkins\LIMS\TestReport\ApproveProduct341076535.pdf
C:\ProgramData\Jenkins\.jenkins\LIMS\TestReport\ApproveProduct44655132.pdf
C:\ProgramData\Jenkins\.jenkins\LIMS\TestReport\ApproveProduct748709914.pdf
C:\ProgramData\Jenkins\.jenkins\LIMS\TestReport\ApproveProtocol-1092287359.pdf
C:\ProgramData\Jenkins\.jenkins\LIMS\TestReport\ApproveProtocol-1153163416.pdf
C:\ProgramData\Jenkins\.jenkins\LIMS\TestReport\ApproveProtocol-12480001.pdf
C:\ProgramData\Jenkins\.jenkins\LIMS\TestReport\ApproveProtocol-1950979560.pdf
C:\ProgramData\Jenkins\.jenkins\LIMS\TestReport\ApproveProtocol-2005332125.pdf
C:\ProgramData\Jenkins\.jenkins\LIMS\TestReport\ApproveProtocol-951980782.pdf
C:\ProgramData\Jenkins\.jenkins\LIMS\TestReport\ApproveProtocol1523333888.pdf
C:\ProgramData\Jenkins\.jenkins\LIMS\TestReport\ApproveProtocol1534523358.pdf
C:\ProgramData\Jenkins\.jenkins\LIMS\TestReport\ApproveProtocol1713454640.pdf
C:\ProgramData\Jenkins\.jenkins\LIMS\TestReport\ApproveProtocol81085978.pdf
C:\ProgramData\Jenkins\.jenkins\LIMS\TestReport\ApproveProtocol875939.pdf
C:\ProgramData\Jenkins\.jenkins\LIMS\TestReport\ApproveSampleAcknowledgement-1540967260.pdf
C:\ProgramData\Jenkins\.jenkins\LIMS\TestReport\ApproveSampleAcknowledgement-1563349901.pdf
C:\ProgramData\Jenkins\.jenkins\LIMS\TestReport\ApproveSampleAcknowledgement-2103635031.pdf
C:\ProgramData\Jenkins\.jenkins\LIMS\TestReport\ApproveSampleAcknowledgement-589021424.pdf
C:\ProgramData\Jenkins\.jenkins\LIMS\TestReport\ApproveSampleAcknowledgement1476196298.pdf
C:\ProgramData\Jenkins\.jenkins\LIMS\TestReport\ApproveSampleQuantity-1017246117.pdf
C:\ProgramData\Jenkins\.jenkins\LIMS\TestReport\ApproveSampleQuantity-1127932579.pdf
C:\ProgramData\Jenkins\.jenkins\LIMS\TestReport\ApproveSampleQuantity-1227119126.pdf
C:\ProgramData\Jenkins\.jenkins\LIMS\TestReport\ApproveSampleQuantity-1307176825.pdf
C:\ProgramData\Jenkins\.jenkins\LIMS\TestReport\ApproveSampleQuantity-1469809428.pdf
C:\ProgramData\Jenkins\.jenkins\LIMS\TestReport\ApproveSampleQuantity-150725833.pdf
C:\ProgramData\Jenkins\.jenkins\LIMS\TestReport\ApproveSampleQuantity-1552050511.pdf
C:\ProgramData\Jenkins\.jenkins\LIMS\TestReport\ApproveSampleQuantity-159515123.pdf
C:\ProgramData\Jenkins\.jenkins\LIMS\TestReport\ApproveSampleQuantity-181436983.pdf
C:\ProgramData\Jenkins\.jenkins\LIMS\TestReport\ApproveSampleQuantity-1849413905.pdf
C:\ProgramData\Jenkins\.jenkins\LIMS\TestReport\ApproveSampleQuantity-1990945623.pdf
C:\ProgramData\Jenkins\.jenkins\LIMS\TestReport\ApproveSampleQuantity-545029618.pdf
C:\ProgramData\Jenkins\.jenkins\LIMS\TestReport\ApproveSampleQuantity-570500208.pdf
C:\ProgramData\Jenkins\.jenkins\LIMS\TestReport\ApproveSampleQuantity-585335119.pdf
C:\ProgramData\Jenkins\.jenkins\LIMS\TestReport\ApproveSampleQuantity-705670358.pdf
C:\ProgramData\Jenkins\.jenkins\LIMS\TestReport\ApproveSampleQuantity-96097876.pdf
C:\ProgramData\Jenkins\.jenkins\LIMS\TestReport\ApproveSampleQuantity1129729082.pdf
C:\ProgramData\Jenkins\.jenkins\LIMS\TestReport\ApproveSampleQuantity1187546055.pdf
C:\ProgramData\Jenkins\.jenkins\LIMS\TestReport\ApproveSampleQuantity1228392800.pdf
C:\ProgramData\Jenkins\.jenkins\LIMS\TestReport\ApproveSampleQuantity126009703.pdf
C:\ProgramData\Jenkins\.jenkins\LIMS\TestReport\ApproveSampleQuantity1349120687.pdf
C:\ProgramData\Jenkins\.jenkins\LIMS\TestReport\ApproveSampleQuantity1350120681.pdf
C:\ProgramData\Jenkins\.jenkins\LIMS\TestReport\ApproveSampleQuantity1466346693.pdf
C:\ProgramData\Jenkins\.jenkins\LIMS\TestReport\ApproveSampleQuantity1541156002.pdf
C:\ProgramData\Jenkins\.jenkins\LIMS\TestReport\ApproveSampleQuantity2055093030.pdf
C:\ProgramData\Jenkins\.jenkins\LIMS\TestReport\ApproveSampleQuantity208412556.pdf
C:\ProgramData\Jenkins\.jenkins\LIMS\TestReport\ApproveSampleQuantity359994514.pdf
C:\ProgramData\Jenkins\.jenkins\LIMS\TestReport\ApproveSampleQuantity483533038.pdf
C:\ProgramData\Jenkins\.jenkins\LIMS\TestReport\ApproveSampleQuantity555857059.pdf
C:\ProgramData\Jenkins\.jenkins\LIMS\TestReport\ApproveSampleQuantity556164194.pdf
C:\ProgramData\Jenkins\.jenkins\LIMS\TestReport\ApproveSampleQuantity586087355.pdf
C:\ProgramData\Jenkins\.jenkins\LIMS\TestReport\ApproveSampleQuantity785928070.pdf
C:\ProgramData\Jenkins\.jenkins\LIMS\TestReport\ApproveSampleQuantity826387736.pdf
C:\ProgramData\Jenkins\.jenkins\LIMS\TestReport\ApproveSampleQuantity976705202.pdf
C:\ProgramData\Jenkins\.jenkins\LIMS\TestReport\ApproveSampleQuantity977220491.pdf
C:\ProgramData\Jenkins\.jenkins\LIMS\TestReport\ApproveSampleRegistration-1090674012.pdf
C:\ProgramData\Jenkins\.jenkins\LIMS\TestReport\ApproveSampleRegistration-1107639860.pdf
C:\ProgramData\Jenkins\.jenkins\LIMS\TestReport\ApproveSampleRegistration-1262400742.pdf
C:\ProgramData\Jenkins\.jenkins\LIMS\TestReport\ApproveSampleRegistration-1411299057.pdf
C:\ProgramData\Jenkins\.jenkins\LIMS\TestReport\ApproveSampleRegistration-1633284085.pdf
C:\ProgramData\Jenkins\.jenkins\LIMS\TestReport\ApproveSampleRegistration-1667205031.pdf
C:\ProgramData\Jenkins\.jenkins\LIMS\TestReport\ApproveSampleRegistration-1697230173.pdf
C:\ProgramData\Jenkins\.jenkins\LIMS\TestReport\ApproveSampleRegistration-1741459208.pdf
C:\ProgramData\Jenkins\.jenkins\LIMS\TestReport\ApproveSampleRegistration-1907916353.pdf
C:\ProgramData\Jenkins\.jenkins\LIMS\TestReport\ApproveSampleRegistration-199602362.pdf
C:\ProgramData\Jenkins\.jenkins\LIMS\TestReport\ApproveSampleRegistration-2055846207.pdf
C:\ProgramData\Jenkins\.jenkins\LIMS\TestReport\ApproveSampleRegistration-2057555642.pdf
C:\ProgramData\Jenkins\.jenkins\LIMS\TestReport\ApproveSampleRegistration-2118608655.pdf
C:\ProgramData\Jenkins\.jenkins\LIMS\TestReport\ApproveSampleRegistration-248871405.pdf
C:\ProgramData\Jenkins\.jenkins\LIMS\TestReport\ApproveSampleRegistration-307223437.pdf
C:\ProgramData\Jenkins\.jenkins\LIMS\TestReport\ApproveSampleRegistration-406053952.pdf
C:\ProgramData\Jenkins\.jenkins\LIMS\TestReport\ApproveSampleRegistration-51427979.pdf
C:\ProgramData\Jenkins\.jenkins\LIMS\TestReport\ApproveSampleRegistration-541373547.pdf
C:\ProgramData\Jenkins\.jenkins\LIMS\TestReport\ApproveSampleRegistration-671957642.pdf
C:\ProgramData\Jenkins\.jenkins\LIMS\TestReport\ApproveSampleRegistration-73169391.pdf
C:\ProgramData\Jenkins\.jenkins\LIMS\TestReport\ApproveSampleRegistration-747349393.pdf
C:\ProgramData\Jenkins\.jenkins\LIMS\TestReport\ApproveSampleRegistration1031977253.pdf
C:\ProgramData\Jenkins\.jenkins\LIMS\TestReport\ApproveSampleRegistration1166052226.pdf
C:\ProgramData\Jenkins\.jenkins\LIMS\TestReport\ApproveSampleRegistration1240663234.pdf
C:\ProgramData\Jenkins\.jenkins\LIMS\TestReport\ApproveSampleRegistration1343459918.pdf
C:\ProgramData\Jenkins\.jenkins\LIMS\TestReport\ApproveSampleRegistration1360198545.pdf
C:\ProgramData\Jenkins\.jenkins\LIMS\TestReport\ApproveSampleRegistration138832594.pdf
C:\ProgramData\Jenkins\.jenkins\LIMS\TestReport\ApproveSampleRegistration1399648355.pdf
C:\ProgramData\Jenkins\.jenkins\LIMS\TestReport\ApproveSampleRegistration1406286076.pdf
C:\ProgramData\Jenkins\.jenkins\LIMS\TestReport\ApproveSampleRegistration1408987786.pdf
C:\ProgramData\Jenkins\.jenkins\LIMS\TestReport\ApproveSampleRegistration1464879892.pdf
C:\ProgramData\Jenkins\.jenkins\LIMS\TestReport\ApproveSampleRegistration1632547010.pdf
C:\ProgramData\Jenkins\.jenkins\LIMS\TestReport\ApproveSampleRegistration1652386208.pdf
C:\ProgramData\Jenkins\.jenkins\LIMS\TestReport\ApproveSampleRegistration2030976782.pdf
C:\ProgramData\Jenkins\.jenkins\LIMS\TestReport\ApproveSampleRegistration2040635626.pdf
C:\ProgramData\Jenkins\.jenkins\LIMS\TestReport\ApproveSampleRegistration892989785.pdf
C:\ProgramData\Jenkins\.jenkins\LIMS\TestReport\ApproveSampleRegistration970836342.pdf
C:\ProgramData\Jenkins\.jenkins\LIMS\TestReport\ApproveSampleType-1424305011.pdf
C:\ProgramData\Jenkins\.jenkins\LIMS\TestReport\ApproveScheduleTest-1566120436.pdf
C:\ProgramData\Jenkins\.jenkins\LIMS\TestReport\ApproveScheduleTest-1970132587.pdf
C:\ProgramData\Jenkins\.jenkins\LIMS\TestReport\ApproveScheduleTest-2056075965.pdf
C:\ProgramData\Jenkins\.jenkins\LIMS\TestReport\ApproveScheduleTest-426789158.pdf
C:\ProgramData\Jenkins\.jenkins\LIMS\TestReport\ApproveScheduleTest-925048971.pdf
C:\ProgramData\Jenkins\.jenkins\LIMS\TestReport\ApproveScheduleTest477436504.pdf
C:\ProgramData\Jenkins\.jenkins\LIMS\TestReport\ApproveScheduleTest714546124.pdf
C:\ProgramData\Jenkins\.jenkins\LIMS\TestReport\ApproveScheduleTest841889862.pdf
C:\ProgramData\Jenkins\.jenkins\LIMS\TestReport\ApproveSpecification-1062427030.pdf
C:\ProgramData\Jenkins\.jenkins\LIMS\TestReport\ApproveSpecification-1360846680.pdf
C:\ProgramData\Jenkins\.jenkins\LIMS\TestReport\ApproveSpecification-1456082152.pdf
C:\ProgramData\Jenkins\.jenkins\LIMS\TestReport\ApproveSpecification-1800247847.pdf
C:\ProgramData\Jenkins\.jenkins\LIMS\TestReport\ApproveSpecification-24785573.pdf
C:\ProgramData\Jenkins\.jenkins\LIMS\TestReport\ApproveSpecification-307063624.pdf
C:\ProgramData\Jenkins\.jenkins\LIMS\TestReport\ApproveSpecification-796850567.pdf
C:\ProgramData\Jenkins\.jenkins\LIMS\TestReport\ApproveSpecification-835840426.pdf
C:\ProgramData\Jenkins\.jenkins\LIMS\TestReport\ApproveSpecification-881460853.pdf
C:\ProgramData\Jenkins\.jenkins\LIMS\TestReport\ApproveSpecification103202267.pdf
C:\ProgramData\Jenkins\.jenkins\LIMS\TestReport\ApproveSpecification1129643579.pdf
C:\ProgramData\Jenkins\.jenkins\LIMS\TestReport\ApproveSpecification1420164486.pdf
C:\ProgramData\Jenkins\.jenkins\LIMS\TestReport\ApproveSpecification1530724445.pdf
C:\ProgramData\Jenkins\.jenkins\LIMS\TestReport\ApproveSpecification32607025.pdf
C:\ProgramData\Jenkins\.jenkins\LIMS\TestReport\ApproveSpecification52097482.pdf
C:\ProgramData\Jenkins\.jenkins\LIMS\TestReport\ApproveSpecification581763534.pdf
C:\ProgramData\Jenkins\.jenkins\LIMS\TestReport\ApproveSpecification738938624.pdf
C:\ProgramData\Jenkins\.jenkins\LIMS\TestReport\ApproveSpecification793856845.pdf
C:\ProgramData\Jenkins\.jenkins\LIMS\TestReport\ApproveSpecification811605201.pdf
C:\ProgramData\Jenkins\.jenkins\LIMS\TestReport\ApproveSpecification872497952.pdf
C:\ProgramData\Jenkins\.jenkins\LIMS\TestReport\ApproveStorageCondition-704510026.pdf
C:\ProgramData\Jenkins\.jenkins\LIMS\TestReport\ApproveSupplier-533876044.pdf
C:\ProgramData\Jenkins\.jenkins\LIMS\TestReport\ApproveSupplier754417534.pdf
C:\ProgramData\Jenkins\.jenkins\LIMS\TestReport\ApproveTest-1176245738.pdf
C:\ProgramData\Jenkins\.jenkins\LIMS\TestReport\ApproveTest-1304100062.pdf
C:\ProgramData\Jenkins\.jenkins\LIMS\TestReport\ApproveTest-1349125332.pdf
C:\ProgramData\Jenkins\.jenkins\LIMS\TestReport\ApproveTest-1529753716.pdf
C:\ProgramData\Jenkins\.jenkins\LIMS\TestReport\ApproveTest-163075309.pdf
C:\ProgramData\Jenkins\.jenkins\LIMS\TestReport\ApproveTest-1686575289.pdf
C:\ProgramData\Jenkins\.jenkins\LIMS\TestReport\ApproveTest-285609846.pdf
C:\ProgramData\Jenkins\.jenkins\LIMS\TestReport\ApproveTest-445817819.pdf
C:\ProgramData\Jenkins\.jenkins\LIMS\TestReport\ApproveTest-487071299.pdf
C:\ProgramData\Jenkins\.jenkins\LIMS\TestReport\ApproveTest-733277462.pdf
C:\ProgramData\Jenkins\.jenkins\LIMS\TestReport\ApproveTest-933505117.pdf
C:\ProgramData\Jenkins\.jenkins\LIMS\TestReport\ApproveTest-954756274.pdf
C:\ProgramData\Jenkins\.jenkins\LIMS\TestReport\ApproveTest1182713652.pdf
C:\ProgramData\Jenkins\.jenkins\LIMS\TestReport\ApproveTest1269363496.pdf
C:\ProgramData\Jenkins\.jenkins\LIMS\TestReport\ApproveTest1315562537.pdf
C:\ProgramData\Jenkins\.jenkins\LIMS\TestReport\ApproveTest1527959633.pdf
C:\ProgramData\Jenkins\.jenkins\LIMS\TestReport\ApproveTest1971594048.pdf
C:\ProgramData\Jenkins\.jenkins\LIMS\TestReport\ApproveTest2050535227.pdf
C:\ProgramData\Jenkins\.jenkins\LIMS\TestReport\ApproveTest30520189.pdf
C:\ProgramData\Jenkins\.jenkins\LIMS\TestReport\ApproveTest774089680.pdf
C:\ProgramData\Jenkins\.jenkins\LIMS\TestReport\ApproveTest886749055.pdf
C:\ProgramData\Jenkins\.jenkins\LIMS\TestReport\ApproveTestCode-1012303742.pdf
C:\ProgramData\Jenkins\.jenkins\LIMS\TestReport\ApproveTestPlanner-109468875.pdf
C:\ProgramData\Jenkins\.jenkins\LIMS\TestReport\ApproveTestPlanner-1184296654.pdf
C:\ProgramData\Jenkins\.jenkins\LIMS\TestReport\ApproveTestPlanner-1212958876.pdf
C:\ProgramData\Jenkins\.jenkins\LIMS\TestReport\ApproveTestPlanner-1493905870.pdf
C:\ProgramData\Jenkins\.jenkins\LIMS\TestReport\ApproveTestPlanner-2072918230.pdf
C:\ProgramData\Jenkins\.jenkins\LIMS\TestReport\ApproveTestPlanner-227392587.pdf
C:\ProgramData\Jenkins\.jenkins\LIMS\TestReport\ApproveTestPlanner-292125529.pdf
C:\ProgramData\Jenkins\.jenkins\LIMS\TestReport\ApproveTestPlanner-388339734.pdf
C:\ProgramData\Jenkins\.jenkins\LIMS\TestReport\ApproveTestPlanner-478593263.pdf
C:\ProgramData\Jenkins\.jenkins\LIMS\TestReport\ApproveTestPlanner-491960257.pdf
C:\ProgramData\Jenkins\.jenkins\LIMS\TestReport\ApproveTestPlanner-756658896.pdf
C:\ProgramData\Jenkins\.jenkins\LIMS\TestReport\ApproveTestPlanner-973530516.pdf
C:\ProgramData\Jenkins\.jenkins\LIMS\TestReport\ApproveTestPlanner1156527537.pdf
C:\ProgramData\Jenkins\.jenkins\LIMS\TestReport\ApproveTestPlanner1635364794.pdf
C:\ProgramData\Jenkins\.jenkins\LIMS\TestReport\ApproveTestPlanner1653649143.pdf
C:\ProgramData\Jenkins\.jenkins\LIMS\TestReport\ApproveTestPlanner1687588836.pdf
C:\ProgramData\Jenkins\.jenkins\LIMS\TestReport\ApproveTestPlanner1760751102.pdf
C:\ProgramData\Jenkins\.jenkins\LIMS\TestReport\ApproveTestPlanner1902355705.pdf
C:\ProgramData\Jenkins\.jenkins\LIMS\TestReport\ApproveTestPlanner1922358470.pdf
C:\ProgramData\Jenkins\.jenkins\LIMS\TestReport\ApproveTestPlanner2144425816.pdf
C:\ProgramData\Jenkins\.jenkins\LIMS\TestReport\ApproveTestPlanner504870535.pdf
C:\ProgramData\Jenkins\.jenkins\LIMS\TestReport\ApproveTestTemplate-11821225.pdf
C:\ProgramData\Jenkins\.jenkins\LIMS\TestReport\ApproveTestTemplate-281190033.pdf
C:\ProgramData\Jenkins\.jenkins\LIMS\TestReport\ApproveTestTemplate36868021.pdf
C:\ProgramData\Jenkins\.jenkins\LIMS\TestReport\ApproveUOM-595267911.pdf
C:\ProgramData\Jenkins\.jenkins\LIMS\TestReport\ApproveUOM1006842667.pdf
C:\ProgramData\Jenkins\.jenkins\LIMS\TestReport\ApproveUOM1296534496.pdf
C:\ProgramData\Jenkins\.jenkins\LIMS\TestReport\Calibrate-1565227069.pdf
C:\ProgramData\Jenkins\.jenkins\LIMS\TestReport\Calibrate-2049323580.pdf
C:\ProgramData\Jenkins\.jenkins\LIMS\TestReport\Calibrate-694935144.pdf
C:\ProgramData\Jenkins\.jenkins\LIMS\TestReport\CalibrationWorkSheetDetails-1485943480.pdf
C:\ProgramData\Jenkins\.jenkins\LIMS\TestReport\CalibrationWorkSheetDetails-1849055178.pdf
C:\ProgramData\Jenkins\.jenkins\LIMS\TestReport\COARecheckApprove1027032908.pdf
C:\ProgramData\Jenkins\.jenkins\LIMS\TestReport\COARecheckApprove240318788.pdf
C:\ProgramData\Jenkins\.jenkins\LIMS\TestReport\COARecheckApprove70112553.pdf
C:\ProgramData\Jenkins\.jenkins\LIMS\TestReport\CreateAdhocSchedule1028678592.pdf
C:\ProgramData\Jenkins\.jenkins\LIMS\TestReport\CreateAdhocSchedule356823997.pdf
C:\ProgramData\Jenkins\.jenkins\LIMS\TestReport\CreateCalibrationSchedule-1847959279.pdf
C:\ProgramData\Jenkins\.jenkins\LIMS\TestReport\CreateCalibrationSchedule-526417441.pdf
C:\ProgramData\Jenkins\.jenkins\LIMS\TestReport\CreateCalibrationSchedule1649382482.pdf
C:\ProgramData\Jenkins\.jenkins\LIMS\TestReport\CreateCategory-1815815969.pdf
C:\ProgramData\Jenkins\.jenkins\LIMS\TestReport\CreateCategory-56140364.pdf
C:\ProgramData\Jenkins\.jenkins\LIMS\TestReport\CreateCategory779389670.pdf
C:\ProgramData\Jenkins\.jenkins\LIMS\TestReport\CreateCustomer-2018787376.pdf
C:\ProgramData\Jenkins\.jenkins\LIMS\TestReport\CreateGrade1698541196.pdf
C:\ProgramData\Jenkins\.jenkins\LIMS\TestReport\CreateGroupRegistration854695995.pdf
C:\ProgramData\Jenkins\.jenkins\LIMS\TestReport\CreateGroupType1855080715.pdf
C:\ProgramData\Jenkins\.jenkins\LIMS\TestReport\CreateInstrumentCategory-1159030734.pdf
C:\ProgramData\Jenkins\.jenkins\LIMS\TestReport\CreateInstrumentCategory-1587020922.pdf
C:\ProgramData\Jenkins\.jenkins\LIMS\TestReport\CreateInstrumentCategory-29696072.pdf
C:\ProgramData\Jenkins\.jenkins\LIMS\TestReport\CreateInstrumentCategory-423001782.pdf
C:\ProgramData\Jenkins\.jenkins\LIMS\TestReport\CreateInstrumentCategory1981421749.pdf
C:\ProgramData\Jenkins\.jenkins\LIMS\TestReport\CreateInstrumentCategory575609454.pdf
C:\ProgramData\Jenkins\.jenkins\LIMS\TestReport\CreateLifeCycle-1236769731.pdf
C:\ProgramData\Jenkins\.jenkins\LIMS\TestReport\CreateLifeCycle184274468.pdf
C:\ProgramData\Jenkins\.jenkins\LIMS\TestReport\CreateLoading-635733101.pdf
C:\ProgramData\Jenkins\.jenkins\LIMS\TestReport\CreateLoading-895554266.pdf
C:\ProgramData\Jenkins\.jenkins\LIMS\TestReport\CreateLoading1530166424.pdf
C:\ProgramData\Jenkins\.jenkins\LIMS\TestReport\CreateLoading1622364791.pdf
C:\ProgramData\Jenkins\.jenkins\LIMS\TestReport\CreateLoading66467620.pdf
C:\ProgramData\Jenkins\.jenkins\LIMS\TestReport\CreateManufacturer-501899020.pdf
C:\ProgramData\Jenkins\.jenkins\LIMS\TestReport\CreateMasterChamber-1296112245.pdf
C:\ProgramData\Jenkins\.jenkins\LIMS\TestReport\CreateMasterChamber-163338866.pdf
C:\ProgramData\Jenkins\.jenkins\LIMS\TestReport\CreateMasterChamber-1814312000.pdf
C:\ProgramData\Jenkins\.jenkins\LIMS\TestReport\CreateMasterChamber-27197785.pdf
C:\ProgramData\Jenkins\.jenkins\LIMS\TestReport\CreateMasterChamber-793535569.pdf
C:\ProgramData\Jenkins\.jenkins\LIMS\TestReport\CreateMasterChamber1246124173.pdf
C:\ProgramData\Jenkins\.jenkins\LIMS\TestReport\CreateMasterChamber129696380.pdf
C:\ProgramData\Jenkins\.jenkins\LIMS\TestReport\CreatePackingType-260942371.pdf
C:\ProgramData\Jenkins\.jenkins\LIMS\TestReport\CreatePlantCode-2006176437.pdf
C:\ProgramData\Jenkins\.jenkins\LIMS\TestReport\CreateProduct-1012577599.pdf
C:\ProgramData\Jenkins\.jenkins\LIMS\TestReport\CreateProduct-1327504997.pdf
C:\ProgramData\Jenkins\.jenkins\LIMS\TestReport\CreateProduct-257650858.pdf
C:\ProgramData\Jenkins\.jenkins\LIMS\TestReport\CreateProduct-294190010.pdf
C:\ProgramData\Jenkins\.jenkins\LIMS\TestReport\CreateProduct-376918731.pdf
C:\ProgramData\Jenkins\.jenkins\LIMS\TestReport\CreateProduct-388230951.pdf
C:\ProgramData\Jenkins\.jenkins\LIMS\TestReport\CreateProduct1341846349.pdf
C:\ProgramData\Jenkins\.jenkins\LIMS\TestReport\CreateProduct1694836007.pdf
C:\ProgramData\Jenkins\.jenkins\LIMS\TestReport\CreateProduct2039539985.pdf
C:\ProgramData\Jenkins\.jenkins\LIMS\TestReport\CreateProduct2086577374.pdf
C:\ProgramData\Jenkins\.jenkins\LIMS\TestReport\CreateProduct2092621068.pdf
C:\ProgramData\Jenkins\.jenkins\LIMS\TestReport\CreateProduct415593209.pdf
C:\ProgramData\Jenkins\.jenkins\LIMS\TestReport\CreateProduct553758388.pdf
C:\ProgramData\Jenkins\.jenkins\LIMS\TestReport\CreateProtocol-1455647608.pdf
C:\ProgramData\Jenkins\.jenkins\LIMS\TestReport\CreateProtocol-1662251727.pdf
C:\ProgramData\Jenkins\.jenkins\LIMS\TestReport\CreateProtocol-1762939874.pdf
C:\ProgramData\Jenkins\.jenkins\LIMS\TestReport\CreateProtocol-597564429.pdf
C:\ProgramData\Jenkins\.jenkins\LIMS\TestReport\CreateProtocol-703863999.pdf
C:\ProgramData\Jenkins\.jenkins\LIMS\TestReport\CreateProtocol-96927058.pdf
C:\ProgramData\Jenkins\.jenkins\LIMS\TestReport\CreateProtocol1067464483.pdf
C:\ProgramData\Jenkins\.jenkins\LIMS\TestReport\CreateProtocol1114612571.pdf
C:\ProgramData\Jenkins\.jenkins\LIMS\TestReport\CreateProtocol1989214477.pdf
C:\ProgramData\Jenkins\.jenkins\LIMS\TestReport\CreateProtocol2131312905.pdf
C:\ProgramData\Jenkins\.jenkins\LIMS\TestReport\CreateProtocol941124385.pdf
C:\ProgramData\Jenkins\.jenkins\LIMS\TestReport\CreateQualitativeTest-1004488770.pdf
C:\ProgramData\Jenkins\.jenkins\LIMS\TestReport\CreateQualitativeTest-1100736392.pdf
C:\ProgramData\Jenkins\.jenkins\LIMS\TestReport\CreateQualitativeTest-1568114798.pdf
C:\ProgramData\Jenkins\.jenkins\LIMS\TestReport\CreateQualitativeTest-1584925451.pdf
C:\ProgramData\Jenkins\.jenkins\LIMS\TestReport\CreateQualitativeTest-1741291755.pdf
C:\ProgramData\Jenkins\.jenkins\LIMS\TestReport\CreateQualitativeTest-1801901356.pdf
C:\ProgramData\Jenkins\.jenkins\LIMS\TestReport\CreateQualitativeTest-1869250299.pdf
C:\ProgramData\Jenkins\.jenkins\LIMS\TestReport\CreateQualitativeTest-358639181.pdf
C:\ProgramData\Jenkins\.jenkins\LIMS\TestReport\CreateQualitativeTest-5468021.pdf
C:\ProgramData\Jenkins\.jenkins\LIMS\TestReport\CreateQualitativeTest-608207958.pdf
C:\ProgramData\Jenkins\.jenkins\LIMS\TestReport\CreateQualitativeTest-695182757.pdf
C:\ProgramData\Jenkins\.jenkins\LIMS\TestReport\CreateQualitativeTest1415427478.pdf
C:\ProgramData\Jenkins\.jenkins\LIMS\TestReport\CreateQualitativeTest1832619369.pdf
C:\ProgramData\Jenkins\.jenkins\LIMS\TestReport\CreateQualitativeTest1865540211.pdf
C:\ProgramData\Jenkins\.jenkins\LIMS\TestReport\CreateQualitativeTest268281153.pdf
C:\ProgramData\Jenkins\.jenkins\LIMS\TestReport\CreateSampleAcknowledgement-1268820538.pdf
C:\ProgramData\Jenkins\.jenkins\LIMS\TestReport\CreateSampleAcknowledgement-1659366326.pdf
C:\ProgramData\Jenkins\.jenkins\LIMS\TestReport\CreateSampleAcknowledgement-1990912172.pdf
C:\ProgramData\Jenkins\.jenkins\LIMS\TestReport\CreateSampleAcknowledgement-399975770.pdf
C:\ProgramData\Jenkins\.jenkins\LIMS\TestReport\CreateSampleAcknowledgement-69629606.pdf
C:\ProgramData\Jenkins\.jenkins\LIMS\TestReport\CreateSampleAcknowledgement-707949181.pdf
C:\ProgramData\Jenkins\.jenkins\LIMS\TestReport\CreateSampleAcknowledgement139845229.pdf
C:\ProgramData\Jenkins\.jenkins\LIMS\TestReport\CreateSampleAcknowledgement2086508476.pdf
C:\ProgramData\Jenkins\.jenkins\LIMS\TestReport\CreateSampleAcknowledgement759053124.pdf
C:\ProgramData\Jenkins\.jenkins\LIMS\TestReport\CreateSampleQuantity-1003274213.pdf
C:\ProgramData\Jenkins\.jenkins\LIMS\TestReport\CreateSampleQuantity-1134910317.pdf
C:\ProgramData\Jenkins\.jenkins\LIMS\TestReport\CreateSampleQuantity-1149522557.pdf
C:\ProgramData\Jenkins\.jenkins\LIMS\TestReport\CreateSampleQuantity-1211511145.pdf
C:\ProgramData\Jenkins\.jenkins\LIMS\TestReport\CreateSampleQuantity-1240364849.pdf
C:\ProgramData\Jenkins\.jenkins\LIMS\TestReport\CreateSampleQuantity-130690652.pdf
C:\ProgramData\Jenkins\.jenkins\LIMS\TestReport\CreateSampleQuantity-1529783535.pdf
C:\ProgramData\Jenkins\.jenkins\LIMS\TestReport\CreateSampleQuantity-1566953295.pdf
C:\ProgramData\Jenkins\.jenkins\LIMS\TestReport\CreateSampleQuantity-1668001825.pdf
C:\ProgramData\Jenkins\.jenkins\LIMS\TestReport\CreateSampleQuantity-1847763609.pdf
C:\ProgramData\Jenkins\.jenkins\LIMS\TestReport\CreateSampleQuantity-1918797197.pdf
C:\ProgramData\Jenkins\.jenkins\LIMS\TestReport\CreateSampleQuantity-2118847347.pdf
C:\ProgramData\Jenkins\.jenkins\LIMS\TestReport\CreateSampleQuantity-250978452.pdf
C:\ProgramData\Jenkins\.jenkins\LIMS\TestReport\CreateSampleQuantity-293064194.pdf
C:\ProgramData\Jenkins\.jenkins\LIMS\TestReport\CreateSampleQuantity-35838258.pdf
C:\ProgramData\Jenkins\.jenkins\LIMS\TestReport\CreateSampleQuantity-408068304.pdf
C:\ProgramData\Jenkins\.jenkins\LIMS\TestReport\CreateSampleQuantity-490337580.pdf
C:\ProgramData\Jenkins\.jenkins\LIMS\TestReport\CreateSampleQuantity-578194127.pdf
C:\ProgramData\Jenkins\.jenkins\LIMS\TestReport\CreateSampleQuantity-624115217.pdf
C:\ProgramData\Jenkins\.jenkins\LIMS\TestReport\CreateSampleQuantity1078457925.pdf
C:\ProgramData\Jenkins\.jenkins\LIMS\TestReport\CreateSampleQuantity1078709177.pdf
C:\ProgramData\Jenkins\.jenkins\LIMS\TestReport\CreateSampleQuantity1091906409.pdf
C:\ProgramData\Jenkins\.jenkins\LIMS\TestReport\CreateSampleQuantity1167219918.pdf
C:\ProgramData\Jenkins\.jenkins\LIMS\TestReport\CreateSampleQuantity1364099871.pdf
C:\ProgramData\Jenkins\.jenkins\LIMS\TestReport\CreateSampleQuantity1386186719.pdf
C:\ProgramData\Jenkins\.jenkins\LIMS\TestReport\CreateSampleQuantity1668974876.pdf
C:\ProgramData\Jenkins\.jenkins\LIMS\TestReport\CreateSampleQuantity1766133363.pdf
C:\ProgramData\Jenkins\.jenkins\LIMS\TestReport\CreateSampleQuantity1859756789.pdf
C:\ProgramData\Jenkins\.jenkins\LIMS\TestReport\CreateSampleQuantity1963682110.pdf
C:\ProgramData\Jenkins\.jenkins\LIMS\TestReport\CreateSampleQuantity2041589162.pdf
C:\ProgramData\Jenkins\.jenkins\LIMS\TestReport\CreateSampleQuantity268786210.pdf
C:\ProgramData\Jenkins\.jenkins\LIMS\TestReport\CreateSampleQuantity529892398.pdf
C:\ProgramData\Jenkins\.jenkins\LIMS\TestReport\CreateSampleQuantity624169609.pdf
C:\ProgramData\Jenkins\.jenkins\LIMS\TestReport\CreateSampleQuantity85886418.pdf
C:\ProgramData\Jenkins\.jenkins\LIMS\TestReport\CreateSampleQuantity897892592.pdf
C:\ProgramData\Jenkins\.jenkins\LIMS\TestReport\CreateSampleQuantity944623198.pdf
C:\ProgramData\Jenkins\.jenkins\LIMS\TestReport\CreateSampleQuantity95509678.pdf
C:\ProgramData\Jenkins\.jenkins\LIMS\TestReport\CreateSampleRegistration-1169043208.pdf
C:\ProgramData\Jenkins\.jenkins\LIMS\TestReport\CreateSampleRegistration-1178725982.pdf
C:\ProgramData\Jenkins\.jenkins\LIMS\TestReport\CreateSampleRegistration-1213484442.pdf
C:\ProgramData\Jenkins\.jenkins\LIMS\TestReport\CreateSampleRegistration-1219274442.pdf
C:\ProgramData\Jenkins\.jenkins\LIMS\TestReport\CreateSampleRegistration-1257334925.pdf
C:\ProgramData\Jenkins\.jenkins\LIMS\TestReport\CreateSampleRegistration-1323564182.pdf
C:\ProgramData\Jenkins\.jenkins\LIMS\TestReport\CreateSampleRegistration-1431137112.pdf
C:\ProgramData\Jenkins\.jenkins\LIMS\TestReport\CreateSampleRegistration-1567869263.pdf
C:\ProgramData\Jenkins\.jenkins\LIMS\TestReport\CreateSampleRegistration-1729952623.pdf
C:\ProgramData\Jenkins\.jenkins\LIMS\TestReport\CreateSampleRegistration-1744544439.pdf
C:\ProgramData\Jenkins\.jenkins\LIMS\TestReport\CreateSampleRegistration-1786008107.pdf
C:\ProgramData\Jenkins\.jenkins\LIMS\TestReport\CreateSampleRegistration-1805014623.pdf
C:\ProgramData\Jenkins\.jenkins\LIMS\TestReport\CreateSampleRegistration-1833325867.pdf
C:\ProgramData\Jenkins\.jenkins\LIMS\TestReport\CreateSampleRegistration-1845351030.pdf
C:\ProgramData\Jenkins\.jenkins\LIMS\TestReport\CreateSampleRegistration-1870253073.pdf
C:\ProgramData\Jenkins\.jenkins\LIMS\TestReport\CreateSampleRegistration-1961400779.pdf
C:\ProgramData\Jenkins\.jenkins\LIMS\TestReport\CreateSampleRegistration-2020791469.pdf
C:\ProgramData\Jenkins\.jenkins\LIMS\TestReport\CreateSampleRegistration-232785438.pdf
C:\ProgramData\Jenkins\.jenkins\LIMS\TestReport\CreateSampleRegistration-28024112.pdf
C:\ProgramData\Jenkins\.jenkins\LIMS\TestReport\CreateSampleRegistration-37839862.pdf
C:\ProgramData\Jenkins\.jenkins\LIMS\TestReport\CreateSampleRegistration-409303434.pdf
C:\ProgramData\Jenkins\.jenkins\LIMS\TestReport\CreateSampleRegistration-413514482.pdf
C:\ProgramData\Jenkins\.jenkins\LIMS\TestReport\CreateSampleRegistration-62663859.pdf
C:\ProgramData\Jenkins\.jenkins\LIMS\TestReport\CreateSampleRegistration-868819570.pdf
C:\ProgramData\Jenkins\.jenkins\LIMS\TestReport\CreateSampleRegistration-943792114.pdf
C:\ProgramData\Jenkins\.jenkins\LIMS\TestReport\CreateSampleRegistration-979295112.pdf
C:\ProgramData\Jenkins\.jenkins\LIMS\TestReport\CreateSampleRegistration1076516904.pdf
C:\ProgramData\Jenkins\.jenkins\LIMS\TestReport\CreateSampleRegistration1323774803.pdf
C:\ProgramData\Jenkins\.jenkins\LIMS\TestReport\CreateSampleRegistration1488236532.pdf
C:\ProgramData\Jenkins\.jenkins\LIMS\TestReport\CreateSampleRegistration1498956148.pdf
C:\ProgramData\Jenkins\.jenkins\LIMS\TestReport\CreateSampleRegistration1662083906.pdf
C:\ProgramData\Jenkins\.jenkins\LIMS\TestReport\CreateSampleRegistration1676481310.pdf
C:\ProgramData\Jenkins\.jenkins\LIMS\TestReport\CreateSampleRegistration1775203138.pdf
C:\ProgramData\Jenkins\.jenkins\LIMS\TestReport\CreateSampleRegistration1818901603.pdf
C:\ProgramData\Jenkins\.jenkins\LIMS\TestReport\CreateSampleRegistration188056575.pdf
C:\ProgramData\Jenkins\.jenkins\LIMS\TestReport\CreateSampleRegistration2035329071.pdf
C:\ProgramData\Jenkins\.jenkins\LIMS\TestReport\CreateSampleRegistration2065147887.pdf
C:\ProgramData\Jenkins\.jenkins\LIMS\TestReport\CreateSampleRegistration295145544.pdf
C:\ProgramData\Jenkins\.jenkins\LIMS\TestReport\CreateSampleRegistration321510922.pdf
C:\ProgramData\Jenkins\.jenkins\LIMS\TestReport\CreateSampleRegistration372572057.pdf
C:\ProgramData\Jenkins\.jenkins\LIMS\TestReport\CreateSampleRegistration45517011.pdf
C:\ProgramData\Jenkins\.jenkins\LIMS\TestReport\CreateSampleRegistration476329728.pdf
C:\ProgramData\Jenkins\.jenkins\LIMS\TestReport\CreateSampleRegistration845532728.pdf
C:\ProgramData\Jenkins\.jenkins\LIMS\TestReport\CreateSampleRegistration883925274.pdf
C:\ProgramData\Jenkins\.jenkins\LIMS\TestReport\CreateSampleRegistration890744812.pdf
C:\ProgramData\Jenkins\.jenkins\LIMS\TestReport\CreateSampleRegistration954628200.pdf
C:\ProgramData\Jenkins\.jenkins\LIMS\TestReport\CreateSampleRegistration989144288.pdf
C:\ProgramData\Jenkins\.jenkins\LIMS\TestReport\CreateSampleType582018070.pdf
C:\ProgramData\Jenkins\.jenkins\LIMS\TestReport\CreateSampleTypeLifeCycle-1047190140.pdf
C:\ProgramData\Jenkins\.jenkins\LIMS\TestReport\CreateSampleTypeLifeCycle-1718920062.pdf
C:\ProgramData\Jenkins\.jenkins\LIMS\TestReport\CreateSampleTypeLifeCycle-538075708.pdf
C:\ProgramData\Jenkins\.jenkins\LIMS\TestReport\CreateSampleTypeLifeCycle-894145574.pdf
C:\ProgramData\Jenkins\.jenkins\LIMS\TestReport\CreateSampleTypeLifeCycle1897586004.pdf
C:\ProgramData\Jenkins\.jenkins\LIMS\TestReport\CreateSampleTypeLifeCycle860657061.pdf
C:\ProgramData\Jenkins\.jenkins\LIMS\TestReport\CreateScheduleTest-1080495298.pdf
C:\ProgramData\Jenkins\.jenkins\LIMS\TestReport\CreateScheduleTest-1223708197.pdf
C:\ProgramData\Jenkins\.jenkins\LIMS\TestReport\CreateScheduleTest-597186257.pdf
C:\ProgramData\Jenkins\.jenkins\LIMS\TestReport\CreateScheduleTest1034672301.pdf
C:\ProgramData\Jenkins\.jenkins\LIMS\TestReport\CreateScheduleTest1049623760.pdf
C:\ProgramData\Jenkins\.jenkins\LIMS\TestReport\CreateScheduleTest1508203611.pdf
C:\ProgramData\Jenkins\.jenkins\LIMS\TestReport\CreateScheduleTest710569654.pdf
C:\ProgramData\Jenkins\.jenkins\LIMS\TestReport\CreateSpecification-1035143401.pdf
C:\ProgramData\Jenkins\.jenkins\LIMS\TestReport\CreateSpecification-1100181944.pdf
C:\ProgramData\Jenkins\.jenkins\LIMS\TestReport\CreateSpecification-114672063.pdf
C:\ProgramData\Jenkins\.jenkins\LIMS\TestReport\CreateSpecification-1711576609.pdf
C:\ProgramData\Jenkins\.jenkins\LIMS\TestReport\CreateSpecification-1756928399.pdf
C:\ProgramData\Jenkins\.jenkins\LIMS\TestReport\CreateSpecification-1953775837.pdf
C:\ProgramData\Jenkins\.jenkins\LIMS\TestReport\CreateSpecification-267845115.pdf
C:\ProgramData\Jenkins\.jenkins\LIMS\TestReport\CreateSpecification-354298798.pdf
C:\ProgramData\Jenkins\.jenkins\LIMS\TestReport\CreateSpecification-471409683.pdf
C:\ProgramData\Jenkins\.jenkins\LIMS\TestReport\CreateSpecification-612281218.pdf
C:\ProgramData\Jenkins\.jenkins\LIMS\TestReport\CreateSpecification-748970995.pdf
C:\ProgramData\Jenkins\.jenkins\LIMS\TestReport\CreateSpecification-825460179.pdf
C:\ProgramData\Jenkins\.jenkins\LIMS\TestReport\CreateSpecification-982377679.pdf
C:\ProgramData\Jenkins\.jenkins\LIMS\TestReport\CreateSpecification1037088715.pdf
C:\ProgramData\Jenkins\.jenkins\LIMS\TestReport\CreateSpecification1078193676.pdf
C:\ProgramData\Jenkins\.jenkins\LIMS\TestReport\CreateSpecification1470440730.pdf
C:\ProgramData\Jenkins\.jenkins\LIMS\TestReport\CreateSpecification150570023.pdf
C:\ProgramData\Jenkins\.jenkins\LIMS\TestReport\CreateSpecification1717334896.pdf
C:\ProgramData\Jenkins\.jenkins\LIMS\TestReport\CreateSpecification1911937456.pdf
C:\ProgramData\Jenkins\.jenkins\LIMS\TestReport\CreateSpecification2027555468.pdf
C:\ProgramData\Jenkins\.jenkins\LIMS\TestReport\CreateSpecification313655120.pdf
C:\ProgramData\Jenkins\.jenkins\LIMS\TestReport\CreateSpecification504486445.pdf
C:\ProgramData\Jenkins\.jenkins\LIMS\TestReport\CreateSpecification51170093.pdf
C:\ProgramData\Jenkins\.jenkins\LIMS\TestReport\CreateSpecification912039501.pdf
C:\ProgramData\Jenkins\.jenkins\LIMS\TestReport\CreateStorageCondition-1241205565.pdf
C:\ProgramData\Jenkins\.jenkins\LIMS\TestReport\CreateStorageCondition2145096502.pdf
C:\ProgramData\Jenkins\.jenkins\LIMS\TestReport\CreateSuppiler-940744686.pdf
C:\ProgramData\Jenkins\.jenkins\LIMS\TestReport\CreateTest-1362740977.pdf
C:\ProgramData\Jenkins\.jenkins\LIMS\TestReport\CreateTest-1676661002.pdf
C:\ProgramData\Jenkins\.jenkins\LIMS\TestReport\CreateTest-1764493107.pdf
C:\ProgramData\Jenkins\.jenkins\LIMS\TestReport\CreateTest-1980646924.pdf
C:\ProgramData\Jenkins\.jenkins\LIMS\TestReport\CreateTest-543246501.pdf
C:\ProgramData\Jenkins\.jenkins\LIMS\TestReport\CreateTest-720861303.pdf
C:\ProgramData\Jenkins\.jenkins\LIMS\TestReport\CreateTest-854316580.pdf
C:\ProgramData\Jenkins\.jenkins\LIMS\TestReport\CreateTest-8840345.pdf
C:\ProgramData\Jenkins\.jenkins\LIMS\TestReport\CreateTest-989382936.pdf
C:\ProgramData\Jenkins\.jenkins\LIMS\TestReport\CreateTest1223251966.pdf
C:\ProgramData\Jenkins\.jenkins\LIMS\TestReport\CreateTest1284008374.pdf
C:\ProgramData\Jenkins\.jenkins\LIMS\TestReport\CreateTest1464636674.pdf
C:\ProgramData\Jenkins\.jenkins\LIMS\TestReport\CreateTest1491414540.pdf
C:\ProgramData\Jenkins\.jenkins\LIMS\TestReport\CreateTest1753045926.pdf
C:\ProgramData\Jenkins\.jenkins\LIMS\TestReport\CreateTest1819366180.pdf
C:\ProgramData\Jenkins\.jenkins\LIMS\TestReport\CreateTest287758954.pdf
C:\ProgramData\Jenkins\.jenkins\LIMS\TestReport\CreateTest88093724.pdf
C:\ProgramData\Jenkins\.jenkins\LIMS\TestReport\CreateTest952354806.pdf
C:\ProgramData\Jenkins\.jenkins\LIMS\TestReport\CreateTestCode-658797553.pdf
C:\ProgramData\Jenkins\.jenkins\LIMS\TestReport\CreateTestPlanner-1025239681.pdf
C:\ProgramData\Jenkins\.jenkins\LIMS\TestReport\CreateTestPlanner-1361629877.pdf
C:\ProgramData\Jenkins\.jenkins\LIMS\TestReport\CreateTestPlanner-1751762534.pdf
C:\ProgramData\Jenkins\.jenkins\LIMS\TestReport\CreateTestPlanner-1900830790.pdf
C:\ProgramData\Jenkins\.jenkins\LIMS\TestReport\CreateTestPlanner-2011314592.pdf
C:\ProgramData\Jenkins\.jenkins\LIMS\TestReport\CreateTestPlanner-276046197.pdf
C:\ProgramData\Jenkins\.jenkins\LIMS\TestReport\CreateTestPlanner-283257375.pdf
C:\ProgramData\Jenkins\.jenkins\LIMS\TestReport\CreateTestPlanner-436997010.pdf
C:\ProgramData\Jenkins\.jenkins\LIMS\TestReport\CreateTestPlanner-465533716.pdf
C:\ProgramData\Jenkins\.jenkins\LIMS\TestReport\CreateTestPlanner-489647096.pdf
C:\ProgramData\Jenkins\.jenkins\LIMS\TestReport\CreateTestPlanner-888369260.pdf
C:\ProgramData\Jenkins\.jenkins\LIMS\TestReport\CreateTestPlanner-981972962.pdf
C:\ProgramData\Jenkins\.jenkins\LIMS\TestReport\CreateTestPlanner1216418827.pdf
C:\ProgramData\Jenkins\.jenkins\LIMS\TestReport\CreateTestPlanner1349422435.pdf
C:\ProgramData\Jenkins\.jenkins\LIMS\TestReport\CreateTestPlanner1456403224.pdf
C:\ProgramData\Jenkins\.jenkins\LIMS\TestReport\CreateTestPlanner1654174754.pdf
C:\ProgramData\Jenkins\.jenkins\LIMS\TestReport\CreateTestPlanner168117921.pdf
C:\ProgramData\Jenkins\.jenkins\LIMS\TestReport\CreateTestPlanner1718304298.pdf
C:\ProgramData\Jenkins\.jenkins\LIMS\TestReport\CreateTestPlanner1912253953.pdf
C:\ProgramData\Jenkins\.jenkins\LIMS\TestReport\CreateTestPlanner1935188613.pdf
C:\ProgramData\Jenkins\.jenkins\LIMS\TestReport\CreateTestPlanner2016328871.pdf
C:\ProgramData\Jenkins\.jenkins\LIMS\TestReport\CreateTestPlanner2102094500.pdf
C:\ProgramData\Jenkins\.jenkins\LIMS\TestReport\CreateTestPlanner276443445.pdf
C:\ProgramData\Jenkins\.jenkins\LIMS\TestReport\CreateTestPlanner312700935.pdf
C:\ProgramData\Jenkins\.jenkins\LIMS\TestReport\CreateTestPlanner759846113.pdf
C:\ProgramData\Jenkins\.jenkins\LIMS\TestReport\CreateUOM1088234990.pdf
C:\ProgramData\Jenkins\.jenkins\LIMS\TestReport\CreateUOM192804959.pdf
C:\ProgramData\Jenkins\.jenkins\LIMS\TestReport\CreateUserGroup1128619921.pdf
C:\ProgramData\Jenkins\.jenkins\LIMS\TestReport\CreateUserGroup535670443.pdf
C:\ProgramData\Jenkins\.jenkins\LIMS\TestReport\ExternalJobAllotment-1132549226.pdf
C:\ProgramData\Jenkins\.jenkins\LIMS\TestReport\ExternalJobAllotment-1202994586.pdf
C:\ProgramData\Jenkins\.jenkins\LIMS\TestReport\ExternalJobAllotment-1559331448.pdf
C:\ProgramData\Jenkins\.jenkins\LIMS\TestReport\ExternalJobAllotment-1613844222.pdf
C:\ProgramData\Jenkins\.jenkins\LIMS\TestReport\ExternalJobAllotment-1847157985.pdf
C:\ProgramData\Jenkins\.jenkins\LIMS\TestReport\ExternalJobAllotment-412084032.pdf
C:\ProgramData\Jenkins\.jenkins\LIMS\TestReport\ExternalJobAllotment-426139257.pdf
C:\ProgramData\Jenkins\.jenkins\LIMS\TestReport\ExternalJobAllotment-845346554.pdf
C:\ProgramData\Jenkins\.jenkins\LIMS\TestReport\ExternalJobAllotment-921087658.pdf
C:\ProgramData\Jenkins\.jenkins\LIMS\TestReport\ExternalJobAllotment1303158124.pdf
C:\ProgramData\Jenkins\.jenkins\LIMS\TestReport\ExternalJobAllotment331553497.pdf
C:\ProgramData\Jenkins\.jenkins\LIMS\TestReport\ExternalJobAllotment659243291.pdf
C:\ProgramData\Jenkins\.jenkins\LIMS\TestReport\ExternalJobAllotment758778447.pdf
C:\ProgramData\Jenkins\.jenkins\LIMS\TestReport\ExternalJobAllotment855842959.pdf
C:\ProgramData\Jenkins\.jenkins\LIMS\TestReport\ExternalJobs-1002225906.pdf
C:\ProgramData\Jenkins\.jenkins\LIMS\TestReport\ExternalJobs-1017216797.pdf
C:\ProgramData\Jenkins\.jenkins\LIMS\TestReport\ExternalJobs-1819458546.pdf
C:\ProgramData\Jenkins\.jenkins\LIMS\TestReport\ExternalJobs-1849494471.pdf
C:\ProgramData\Jenkins\.jenkins\LIMS\TestReport\ExternalJobs-298322964.pdf
C:\ProgramData\Jenkins\.jenkins\LIMS\TestReport\ExternalJobs-474838573.pdf
C:\ProgramData\Jenkins\.jenkins\LIMS\TestReport\ExternalJobs-738970604.pdf
C:\ProgramData\Jenkins\.jenkins\LIMS\TestReport\ExternalJobs130489267.pdf
C:\ProgramData\Jenkins\.jenkins\LIMS\TestReport\ExternalJobs1341033171.pdf
C:\ProgramData\Jenkins\.jenkins\LIMS\TestReport\ExternalJobs1382620374.pdf
C:\ProgramData\Jenkins\.jenkins\LIMS\TestReport\ExternalJobs1588494712.pdf
C:\ProgramData\Jenkins\.jenkins\LIMS\TestReport\ExternalJobs1670568671.pdf
C:\ProgramData\Jenkins\.jenkins\LIMS\TestReport\ExternalJobs1687274688.pdf
C:\ProgramData\Jenkins\.jenkins\LIMS\TestReport\ExternalJobs1854146853.pdf
C:\ProgramData\Jenkins\.jenkins\LIMS\TestReport\ExternalJobs1879154729.pdf
C:\ProgramData\Jenkins\.jenkins\LIMS\TestReport\ExternalJobs365186849.pdf
C:\ProgramData\Jenkins\.jenkins\LIMS\TestReport\ExternalJobs664642380.pdf
C:\ProgramData\Jenkins\.jenkins\LIMS\TestReport\ExternalJobs733977509.pdf
C:\ProgramData\Jenkins\.jenkins\LIMS\TestReport\FirstTimeUserLogin-1628315432.pdf
C:\ProgramData\Jenkins\.jenkins\LIMS\TestReport\FirstTimeUserLogin-1818013102.pdf
C:\ProgramData\Jenkins\.jenkins\LIMS\TestReport\FirstTimeUserLogin-697474781.pdf
C:\ProgramData\Jenkins\.jenkins\LIMS\TestReport\InstrumentRegister-1243878681.pdf
C:\ProgramData\Jenkins\.jenkins\LIMS\TestReport\InstrumentRegister-1734082729.pdf
C:\ProgramData\Jenkins\.jenkins\LIMS\TestReport\InstrumentRegister1088411941.pdf
C:\ProgramData\Jenkins\.jenkins\LIMS\TestReport\InstrumentRegister1674648847.pdf
C:\ProgramData\Jenkins\.jenkins\LIMS\TestReport\InstrumentTestTemplate-693967651.pdf
C:\ProgramData\Jenkins\.jenkins\LIMS\TestReport\InstrumentTestTemplate1607831375.pdf
C:\ProgramData\Jenkins\.jenkins\LIMS\TestReport\InstrumentTestTemplate326291050.pdf
C:\ProgramData\Jenkins\.jenkins\LIMS\TestReport\JobAllotment-1431325356.pdf
C:\ProgramData\Jenkins\.jenkins\LIMS\TestReport\JobAllotment-1491765756.pdf
C:\ProgramData\Jenkins\.jenkins\LIMS\TestReport\JobAllotment-1512850771.pdf
C:\ProgramData\Jenkins\.jenkins\LIMS\TestReport\JobAllotment-1704411605.pdf
C:\ProgramData\Jenkins\.jenkins\LIMS\TestReport\JobAllotment-1737439978.pdf
C:\ProgramData\Jenkins\.jenkins\LIMS\TestReport\JobAllotment-1811319283.pdf
C:\ProgramData\Jenkins\.jenkins\LIMS\TestReport\JobAllotment-1827356717.pdf
C:\ProgramData\Jenkins\.jenkins\LIMS\TestReport\JobAllotment-1900169144.pdf
C:\ProgramData\Jenkins\.jenkins\LIMS\TestReport\JobAllotment-1952343677.pdf
C:\ProgramData\Jenkins\.jenkins\LIMS\TestReport\JobAllotment-2002026641.pdf
C:\ProgramData\Jenkins\.jenkins\LIMS\TestReport\JobAllotment-283468297.pdf
C:\ProgramData\Jenkins\.jenkins\LIMS\TestReport\JobAllotment-320592720.pdf
C:\ProgramData\Jenkins\.jenkins\LIMS\TestReport\JobAllotment-462487733.pdf
C:\ProgramData\Jenkins\.jenkins\LIMS\TestReport\JobAllotment-608307803.pdf
C:\ProgramData\Jenkins\.jenkins\LIMS\TestReport\JobAllotment-708893034.pdf
C:\ProgramData\Jenkins\.jenkins\LIMS\TestReport\JobAllotment-719734790.pdf
C:\ProgramData\Jenkins\.jenkins\LIMS\TestReport\JobAllotment-95003918.pdf
C:\ProgramData\Jenkins\.jenkins\LIMS\TestReport\JobAllotment105472450.pdf
C:\ProgramData\Jenkins\.jenkins\LIMS\TestReport\JobAllotment1217495212.pdf
C:\ProgramData\Jenkins\.jenkins\LIMS\TestReport\JobAllotment1248883679.pdf
C:\ProgramData\Jenkins\.jenkins\LIMS\TestReport\JobAllotment1522571509.pdf
C:\ProgramData\Jenkins\.jenkins\LIMS\TestReport\JobAllotment1712143994.pdf
C:\ProgramData\Jenkins\.jenkins\LIMS\TestReport\JobAllotment1789548384.pdf
C:\ProgramData\Jenkins\.jenkins\LIMS\TestReport\JobAllotment1890711557.pdf
C:\ProgramData\Jenkins\.jenkins\LIMS\TestReport\JobAllotment1900170557.pdf
C:\ProgramData\Jenkins\.jenkins\LIMS\TestReport\JobAllotment1970703172.pdf
C:\ProgramData\Jenkins\.jenkins\LIMS\TestReport\JobAllotment207836419.pdf
C:\ProgramData\Jenkins\.jenkins\LIMS\TestReport\JobAllotment49472991.pdf
C:\ProgramData\Jenkins\.jenkins\LIMS\TestReport\JobAllotment569710255.pdf
C:\ProgramData\Jenkins\.jenkins\LIMS\TestReport\JobAllotment841414120.pdf
C:\ProgramData\Jenkins\.jenkins\LIMS\TestReport\JobAssignment-992455203.pdf
C:\ProgramData\Jenkins\.jenkins\LIMS\TestReport\JobAssignment-993468068.pdf
C:\ProgramData\Jenkins\.jenkins\LIMS\TestReport\JobAssignment1445633959.pdf
C:\ProgramData\Jenkins\.jenkins\LIMS\TestReport\JobAssignment450617406.pdf
C:\ProgramData\Jenkins\.jenkins\LIMS\TestReport\JobAssignment463606969.pdf
C:\ProgramData\Jenkins\.jenkins\LIMS\TestReport\JobResults-1214994798.pdf
C:\ProgramData\Jenkins\.jenkins\LIMS\TestReport\JobResults-1311949618.pdf
C:\ProgramData\Jenkins\.jenkins\LIMS\TestReport\JobResults-1397687772.pdf
C:\ProgramData\Jenkins\.jenkins\LIMS\TestReport\JobResults-1861227364.pdf
C:\ProgramData\Jenkins\.jenkins\LIMS\TestReport\JobResults-2003432155.pdf
C:\ProgramData\Jenkins\.jenkins\LIMS\TestReport\JobResults-476039902.pdf
C:\ProgramData\Jenkins\.jenkins\LIMS\TestReport\JobResults-975553831.pdf
C:\ProgramData\Jenkins\.jenkins\LIMS\TestReport\JobResults1561022467.pdf
C:\ProgramData\Jenkins\.jenkins\LIMS\TestReport\JobResults1689912201.pdf
C:\ProgramData\Jenkins\.jenkins\LIMS\TestReport\JobResults775321278.pdf
C:\ProgramData\Jenkins\.jenkins\LIMS\TestReport\JobResults865894136.pdf
C:\ProgramData\Jenkins\.jenkins\LIMS\TestReport\JobResults936267000.pdf
C:\ProgramData\Jenkins\.jenkins\LIMS\TestReport\MyJob-1191850865.pdf
C:\ProgramData\Jenkins\.jenkins\LIMS\TestReport\MyJob-1268022938.pdf
C:\ProgramData\Jenkins\.jenkins\LIMS\TestReport\MyJob-1463683318.pdf
C:\ProgramData\Jenkins\.jenkins\LIMS\TestReport\MyJob-1488037536.pdf
C:\ProgramData\Jenkins\.jenkins\LIMS\TestReport\MyJob-153781839.pdf
C:\ProgramData\Jenkins\.jenkins\LIMS\TestReport\MyJob-1599593966.pdf
C:\ProgramData\Jenkins\.jenkins\LIMS\TestReport\MyJob-1647919685.pdf
C:\ProgramData\Jenkins\.jenkins\LIMS\TestReport\MyJob-1682375147.pdf
C:\ProgramData\Jenkins\.jenkins\LIMS\TestReport\MyJob-1713101784.pdf
C:\ProgramData\Jenkins\.jenkins\LIMS\TestReport\MyJob-2075595849.pdf
C:\ProgramData\Jenkins\.jenkins\LIMS\TestReport\MyJob-2105270903.pdf
C:\ProgramData\Jenkins\.jenkins\LIMS\TestReport\MyJob-314302695.pdf
C:\ProgramData\Jenkins\.jenkins\LIMS\TestReport\MyJob-409596575.pdf
C:\ProgramData\Jenkins\.jenkins\LIMS\TestReport\MyJob-601510902.pdf
C:\ProgramData\Jenkins\.jenkins\LIMS\TestReport\MyJob-739741753.pdf
C:\ProgramData\Jenkins\.jenkins\LIMS\TestReport\MyJob-944491066.pdf
C:\ProgramData\Jenkins\.jenkins\LIMS\TestReport\MyJob1051085279.pdf
C:\ProgramData\Jenkins\.jenkins\LIMS\TestReport\MyJob1233948798.pdf
C:\ProgramData\Jenkins\.jenkins\LIMS\TestReport\MyJob130697571.pdf
C:\ProgramData\Jenkins\.jenkins\LIMS\TestReport\MyJob1359806655.pdf
C:\ProgramData\Jenkins\.jenkins\LIMS\TestReport\MyJob1360090159.pdf
C:\ProgramData\Jenkins\.jenkins\LIMS\TestReport\MyJob1386206308.pdf
C:\ProgramData\Jenkins\.jenkins\LIMS\TestReport\MyJob1397401294.pdf
C:\ProgramData\Jenkins\.jenkins\LIMS\TestReport\MyJob1496680577.pdf
C:\ProgramData\Jenkins\.jenkins\LIMS\TestReport\MyJob1549341606.pdf
C:\ProgramData\Jenkins\.jenkins\LIMS\TestReport\MyJob1657328377.pdf
C:\ProgramData\Jenkins\.jenkins\LIMS\TestReport\MyJob1748270303.pdf
C:\ProgramData\Jenkins\.jenkins\LIMS\TestReport\MyJob1952643027.pdf
C:\ProgramData\Jenkins\.jenkins\LIMS\TestReport\MyJob1976028067.pdf
C:\ProgramData\Jenkins\.jenkins\LIMS\TestReport\MyJob202963028.pdf
C:\ProgramData\Jenkins\.jenkins\LIMS\TestReport\MyJob204403025.pdf
C:\ProgramData\Jenkins\.jenkins\LIMS\TestReport\MyJob2072543172.pdf
C:\ProgramData\Jenkins\.jenkins\LIMS\TestReport\MyJob211014578.pdf
C:\ProgramData\Jenkins\.jenkins\LIMS\TestReport\MyJob237903208.pdf
C:\ProgramData\Jenkins\.jenkins\LIMS\TestReport\MyJob651679470.pdf
C:\ProgramData\Jenkins\.jenkins\LIMS\TestReport\MyJob78784144.pdf
C:\ProgramData\Jenkins\.jenkins\LIMS\TestReport\MyJob819793259.pdf
C:\ProgramData\Jenkins\.jenkins\LIMS\TestReport\MyJob873497983.pdf
C:\ProgramData\Jenkins\.jenkins\LIMS\TestReport\MyJob878306878.pdf
C:\ProgramData\Jenkins\.jenkins\LIMS\TestReport\QAApprove-1443692228.pdf
C:\ProgramData\Jenkins\.jenkins\LIMS\TestReport\QAApprove1433565608.pdf
C:\ProgramData\Jenkins\.jenkins\LIMS\TestReport\QAApprove941934392.pdf
C:\ProgramData\Jenkins\.jenkins\LIMS\TestReport\QCApproveofPassedResult-1115079392.pdf
C:\ProgramData\Jenkins\.jenkins\LIMS\TestReport\QCApproveofPassedResult-1585192972.pdf
C:\ProgramData\Jenkins\.jenkins\LIMS\TestReport\QCApproveofPassedResult-1932070605.pdf
C:\ProgramData\Jenkins\.jenkins\LIMS\TestReport\QCApproveofPassedResult-2014606260.pdf
C:\ProgramData\Jenkins\.jenkins\LIMS\TestReport\QcReviewofPassResult-2036461298.pdf
C:\ProgramData\Jenkins\.jenkins\LIMS\TestReport\QcReviewofPassResult1405775272.pdf
C:\ProgramData\Jenkins\.jenkins\LIMS\TestReport\QualitativeJobResults-1153939419.pdf
C:\ProgramData\Jenkins\.jenkins\LIMS\TestReport\QualitativeJobResults-140301370.pdf
C:\ProgramData\Jenkins\.jenkins\LIMS\TestReport\QualitativeJobResults-1436820265.pdf
C:\ProgramData\Jenkins\.jenkins\LIMS\TestReport\QualitativeJobResults-1706784008.pdf
C:\ProgramData\Jenkins\.jenkins\LIMS\TestReport\QualitativeJobResults-1763817893.pdf
C:\ProgramData\Jenkins\.jenkins\LIMS\TestReport\QualitativeJobResults-2130203858.pdf
C:\ProgramData\Jenkins\.jenkins\LIMS\TestReport\QualitativeJobResults-219873611.pdf
C:\ProgramData\Jenkins\.jenkins\LIMS\TestReport\QualitativeJobResults-350514845.pdf
C:\ProgramData\Jenkins\.jenkins\LIMS\TestReport\QualitativeJobResults-666853518.pdf
C:\ProgramData\Jenkins\.jenkins\LIMS\TestReport\QualitativeJobResults1031263157.pdf
C:\ProgramData\Jenkins\.jenkins\LIMS\TestReport\QualitativeJobResults1075405320.pdf
C:\ProgramData\Jenkins\.jenkins\LIMS\TestReport\QualitativeJobResults1120944669.pdf
C:\ProgramData\Jenkins\.jenkins\LIMS\TestReport\QualitativeJobResults135824309.pdf
C:\ProgramData\Jenkins\.jenkins\LIMS\TestReport\QualitativeJobResults1403499762.pdf
C:\ProgramData\Jenkins\.jenkins\LIMS\TestReport\QualitativeJobResults1484847471.pdf
C:\ProgramData\Jenkins\.jenkins\LIMS\TestReport\QualitativeJobResults1540004897.pdf
C:\ProgramData\Jenkins\.jenkins\LIMS\TestReport\QualitativeJobResults1736057466.pdf
C:\ProgramData\Jenkins\.jenkins\LIMS\TestReport\QualitativeJobResults1809066001.pdf
C:\ProgramData\Jenkins\.jenkins\LIMS\TestReport\QualitativeJobResults1854226527.pdf
C:\ProgramData\Jenkins\.jenkins\LIMS\TestReport\QualitativeJobResults389905994.pdf
C:\ProgramData\Jenkins\.jenkins\LIMS\TestReport\QualitativeJobResults39738874.pdf
C:\ProgramData\Jenkins\.jenkins\LIMS\TestReport\QualitativeJobResults7911784.pdf
C:\ProgramData\Jenkins\.jenkins\LIMS\TestReport\QualitativeJobResults792752494.pdf
C:\ProgramData\Jenkins\.jenkins\LIMS\TestReport\ReinitiateInstrumentCategory281786068.pdf
C:\ProgramData\Jenkins\.jenkins\LIMS\TestReport\ReinitiateInstrumentRegistration-94028938.pdf
C:\ProgramData\Jenkins\.jenkins\LIMS\TestReport\ReinitiateRejectedCalibrationSchedule694306095.pdf
C:\ProgramData\Jenkins\.jenkins\LIMS\TestReport\ReinitiateRejectedInstrumentTestTemplate-1739346457.pdf
C:\ProgramData\Jenkins\.jenkins\LIMS\TestReport\ReinitiateRejectedInstrumentTestTemplate-1969549884.pdf
C:\ProgramData\Jenkins\.jenkins\LIMS\TestReport\ReinitiateRejectedProduct-612979495.pdf
C:\ProgramData\Jenkins\.jenkins\LIMS\TestReport\ReinitiateRejectedProtocol2124714451.pdf
C:\ProgramData\Jenkins\.jenkins\LIMS\TestReport\ReinitiateRejectedSampleQuantity-1470254130.pdf
C:\ProgramData\Jenkins\.jenkins\LIMS\TestReport\ReinitiateRejectedSampleQuantity-1695974294.pdf
C:\ProgramData\Jenkins\.jenkins\LIMS\TestReport\ReinitiateRejectedSampleQuantity-1794901541.pdf
C:\ProgramData\Jenkins\.jenkins\LIMS\TestReport\ReinitiateRejectedSampleQuantity-1801118161.pdf
C:\ProgramData\Jenkins\.jenkins\LIMS\TestReport\ReinitiateRejectedSampleQuantity-1916273985.pdf
C:\ProgramData\Jenkins\.jenkins\LIMS\TestReport\ReinitiateRejectedSampleQuantity-1916814225.pdf
C:\ProgramData\Jenkins\.jenkins\LIMS\TestReport\ReinitiateRejectedSampleQuantity-402781703.pdf
C:\ProgramData\Jenkins\.jenkins\LIMS\TestReport\ReinitiateRejectedSampleQuantity-946905404.pdf
C:\ProgramData\Jenkins\.jenkins\LIMS\TestReport\ReinitiateRejectedSampleQuantity1012051283.pdf
C:\ProgramData\Jenkins\.jenkins\LIMS\TestReport\ReinitiateRejectedSampleQuantity1761701698.pdf
C:\ProgramData\Jenkins\.jenkins\LIMS\TestReport\ReinitiateRejectedSampleQuantity2005821082.pdf
C:\ProgramData\Jenkins\.jenkins\LIMS\TestReport\ReinitiateRejectedSampleQuantity225870999.pdf
C:\ProgramData\Jenkins\.jenkins\LIMS\TestReport\ReinitiateRejectedSampleQuantity816013433.pdf
C:\ProgramData\Jenkins\.jenkins\LIMS\TestReport\ReinitiateRejectedSampleQuantity902907028.pdf
C:\ProgramData\Jenkins\.jenkins\LIMS\TestReport\ReinitiateRejectedSampleRegistration-1398642723.pdf
C:\ProgramData\Jenkins\.jenkins\LIMS\TestReport\ReinitiateRejectedSampleRegistration-1421889286.pdf
C:\ProgramData\Jenkins\.jenkins\LIMS\TestReport\ReinitiateRejectedSampleRegistration-1427727421.pdf
C:\ProgramData\Jenkins\.jenkins\LIMS\TestReport\ReinitiateRejectedSampleRegistration-1781992410.pdf
C:\ProgramData\Jenkins\.jenkins\LIMS\TestReport\ReinitiateRejectedSampleRegistration-1851116046.pdf
C:\ProgramData\Jenkins\.jenkins\LIMS\TestReport\ReinitiateRejectedSampleRegistration-1954027993.pdf
C:\ProgramData\Jenkins\.jenkins\LIMS\TestReport\ReinitiateRejectedSampleRegistration-216193070.pdf
C:\ProgramData\Jenkins\.jenkins\LIMS\TestReport\ReinitiateRejectedSampleRegistration-780749834.pdf
C:\ProgramData\Jenkins\.jenkins\LIMS\TestReport\ReinitiateRejectedSampleRegistration-890278365.pdf
C:\ProgramData\Jenkins\.jenkins\LIMS\TestReport\ReinitiateRejectedSampleRegistration1099365070.pdf
C:\ProgramData\Jenkins\.jenkins\LIMS\TestReport\ReinitiateRejectedSampleRegistration1110422668.pdf
C:\ProgramData\Jenkins\.jenkins\LIMS\TestReport\ReinitiateRejectedSampleRegistration1331682126.pdf
C:\ProgramData\Jenkins\.jenkins\LIMS\TestReport\ReinitiateRejectedSampleRegistration1526730376.pdf
C:\ProgramData\Jenkins\.jenkins\LIMS\TestReport\ReinitiateRejectedSampleRegistration688462345.pdf
C:\ProgramData\Jenkins\.jenkins\LIMS\TestReport\ReinitiateRejectedScheduleTest-649976394.pdf
C:\ProgramData\Jenkins\.jenkins\LIMS\TestReport\ReinitiateRejectedSpecification-1071534059.pdf
C:\ProgramData\Jenkins\.jenkins\LIMS\TestReport\ReinitiateRejectedTest-1043533652.pdf
C:\ProgramData\Jenkins\.jenkins\LIMS\TestReport\ReinitiateRejectedTestPlanner-810377816.pdf
C:\ProgramData\Jenkins\.jenkins\LIMS\TestReport\ReinitiateTest2132504028.pdf
C:\ProgramData\Jenkins\.jenkins\LIMS\TestReport\ReinitiateTestTemplate1070649408.pdf
C:\ProgramData\Jenkins\.jenkins\LIMS\TestReport\RejectCalibrationSchedule-2013211229.pdf
C:\ProgramData\Jenkins\.jenkins\LIMS\TestReport\RejectInstrumentCategory-405719997.pdf
C:\ProgramData\Jenkins\.jenkins\LIMS\TestReport\RejectInstrumentRegistration-1236023054.pdf
C:\ProgramData\Jenkins\.jenkins\LIMS\TestReport\RejectInstrumentRegistration-848795489.pdf
C:\ProgramData\Jenkins\.jenkins\LIMS\TestReport\RejectInstrumentTestTemplate-1364861379.pdf
C:\ProgramData\Jenkins\.jenkins\LIMS\TestReport\RejectProduct-1691325583.pdf
C:\ProgramData\Jenkins\.jenkins\LIMS\TestReport\RejectProtocol-123586721.pdf
C:\ProgramData\Jenkins\.jenkins\LIMS\TestReport\RejectProtocol1779372845.pdf
C:\ProgramData\Jenkins\.jenkins\LIMS\TestReport\RejectProtocol2074014174.pdf
C:\ProgramData\Jenkins\.jenkins\LIMS\TestReport\RejectProtocol818880433.pdf
C:\ProgramData\Jenkins\.jenkins\LIMS\TestReport\RejectSampleQuantity-1298870560.pdf
C:\ProgramData\Jenkins\.jenkins\LIMS\TestReport\RejectSampleQuantity-1477278024.pdf
C:\ProgramData\Jenkins\.jenkins\LIMS\TestReport\RejectSampleQuantity-1624672373.pdf
C:\ProgramData\Jenkins\.jenkins\LIMS\TestReport\RejectSampleQuantity-1839452214.pdf
C:\ProgramData\Jenkins\.jenkins\LIMS\TestReport\RejectSampleQuantity-336542831.pdf
C:\ProgramData\Jenkins\.jenkins\LIMS\TestReport\RejectSampleQuantity-342268476.pdf
C:\ProgramData\Jenkins\.jenkins\LIMS\TestReport\RejectSampleQuantity-34855046.pdf
C:\ProgramData\Jenkins\.jenkins\LIMS\TestReport\RejectSampleQuantity-614395963.pdf
C:\ProgramData\Jenkins\.jenkins\LIMS\TestReport\RejectSampleQuantity-867194270.pdf
C:\ProgramData\Jenkins\.jenkins\LIMS\TestReport\RejectSampleQuantity1185340935.pdf
C:\ProgramData\Jenkins\.jenkins\LIMS\TestReport\RejectSampleQuantity1693333803.pdf
C:\ProgramData\Jenkins\.jenkins\LIMS\TestReport\RejectSampleQuantity262529099.pdf
C:\ProgramData\Jenkins\.jenkins\LIMS\TestReport\RejectSampleQuantity382748067.pdf
C:\ProgramData\Jenkins\.jenkins\LIMS\TestReport\RejectSampleQuantity68145072.pdf
C:\ProgramData\Jenkins\.jenkins\LIMS\TestReport\RejectSampleQuantity805121780.pdf
C:\ProgramData\Jenkins\.jenkins\LIMS\TestReport\RejectSampleRegistration-1103639289.pdf
C:\ProgramData\Jenkins\.jenkins\LIMS\TestReport\RejectSampleRegistration-1870383913.pdf
C:\ProgramData\Jenkins\.jenkins\LIMS\TestReport\RejectSampleRegistration-2044363693.pdf
C:\ProgramData\Jenkins\.jenkins\LIMS\TestReport\RejectSampleRegistration-516410128.pdf
C:\ProgramData\Jenkins\.jenkins\LIMS\TestReport\RejectSampleRegistration-545440449.pdf
C:\ProgramData\Jenkins\.jenkins\LIMS\TestReport\RejectSampleRegistration-782718653.pdf
C:\ProgramData\Jenkins\.jenkins\LIMS\TestReport\RejectSampleRegistration-908919509.pdf
C:\ProgramData\Jenkins\.jenkins\LIMS\TestReport\RejectSampleRegistration1270327944.pdf
C:\ProgramData\Jenkins\.jenkins\LIMS\TestReport\RejectSampleRegistration1578397105.pdf
C:\ProgramData\Jenkins\.jenkins\LIMS\TestReport\RejectSampleRegistration1650671861.pdf
C:\ProgramData\Jenkins\.jenkins\LIMS\TestReport\RejectSampleRegistration1974834215.pdf
C:\ProgramData\Jenkins\.jenkins\LIMS\TestReport\RejectSampleRegistration1991827603.pdf
C:\ProgramData\Jenkins\.jenkins\LIMS\TestReport\RejectSampleRegistration481895359.pdf
C:\ProgramData\Jenkins\.jenkins\LIMS\TestReport\RejectSampleRegistration660735024.pdf
C:\ProgramData\Jenkins\.jenkins\LIMS\TestReport\RejectScheduleTest-1048532445.pdf
C:\ProgramData\Jenkins\.jenkins\LIMS\TestReport\RejectSpecification-683600656.pdf
C:\ProgramData\Jenkins\.jenkins\LIMS\TestReport\RejectSpecification1595348142.pdf
C:\ProgramData\Jenkins\.jenkins\LIMS\TestReport\RejectTest-176906654.pdf
C:\ProgramData\Jenkins\.jenkins\LIMS\TestReport\RejectTestPlanner-422186917.pdf
C:\ProgramData\Jenkins\.jenkins\LIMS\TestReport\RejectTestTemplate-1679057602.pdf
C:\ProgramData\Jenkins\.jenkins\LIMS\TestReport\SampleResult-114893375.pdf
C:\ProgramData\Jenkins\.jenkins\LIMS\TestReport\SampleResult-1280959253.pdf
C:\ProgramData\Jenkins\.jenkins\LIMS\TestReport\SampleResult-1301550306.pdf
C:\ProgramData\Jenkins\.jenkins\LIMS\TestReport\SampleResult-1383392317.pdf
C:\ProgramData\Jenkins\.jenkins\LIMS\TestReport\SampleResult-1409357171.pdf
C:\ProgramData\Jenkins\.jenkins\LIMS\TestReport\SampleResult-1477480358.pdf
C:\ProgramData\Jenkins\.jenkins\LIMS\TestReport\SampleResult-1506780577.pdf
C:\ProgramData\Jenkins\.jenkins\LIMS\TestReport\SampleResult-1597060595.pdf
C:\ProgramData\Jenkins\.jenkins\LIMS\TestReport\SampleResult-1611148265.pdf
C:\ProgramData\Jenkins\.jenkins\LIMS\TestReport\SampleResult-1683272438.pdf
C:\ProgramData\Jenkins\.jenkins\LIMS\TestReport\SampleResult-1964809089.pdf
C:\ProgramData\Jenkins\.jenkins\LIMS\TestReport\SampleResult-2055684591.pdf
C:\ProgramData\Jenkins\.jenkins\LIMS\TestReport\SampleResult-238367560.pdf
C:\ProgramData\Jenkins\.jenkins\LIMS\TestReport\SampleResult-249787375.pdf
C:\ProgramData\Jenkins\.jenkins\LIMS\TestReport\SampleResult-297972602.pdf
C:\ProgramData\Jenkins\.jenkins\LIMS\TestReport\SampleResult-312727075.pdf
C:\ProgramData\Jenkins\.jenkins\LIMS\TestReport\SampleResult-429971124.pdf
C:\ProgramData\Jenkins\.jenkins\LIMS\TestReport\SampleResult-482012789.pdf
C:\ProgramData\Jenkins\.jenkins\LIMS\TestReport\SampleResult-656014288.pdf
C:\ProgramData\Jenkins\.jenkins\LIMS\TestReport\SampleResult-829760437.pdf
C:\ProgramData\Jenkins\.jenkins\LIMS\TestReport\SampleResult11281541.pdf
C:\ProgramData\Jenkins\.jenkins\LIMS\TestReport\SampleResult1155790463.pdf
C:\ProgramData\Jenkins\.jenkins\LIMS\TestReport\SampleResult141366542.pdf
C:\ProgramData\Jenkins\.jenkins\LIMS\TestReport\SampleResult1440883659.pdf
C:\ProgramData\Jenkins\.jenkins\LIMS\TestReport\SampleResult1551015152.pdf
C:\ProgramData\Jenkins\.jenkins\LIMS\TestReport\SampleResult1645055631.pdf
C:\ProgramData\Jenkins\.jenkins\LIMS\TestReport\SampleResult1700376218.pdf
C:\ProgramData\Jenkins\.jenkins\LIMS\TestReport\SampleResult1760175714.pdf
C:\ProgramData\Jenkins\.jenkins\LIMS\TestReport\SampleResult182452689.pdf
C:\ProgramData\Jenkins\.jenkins\LIMS\TestReport\SampleResult1861799399.pdf
C:\ProgramData\Jenkins\.jenkins\LIMS\TestReport\SampleResult1946016188.pdf
C:\ProgramData\Jenkins\.jenkins\LIMS\TestReport\SampleResult1970129987.pdf
C:\ProgramData\Jenkins\.jenkins\LIMS\TestReport\SampleResult2005470402.pdf
C:\ProgramData\Jenkins\.jenkins\LIMS\TestReport\SampleResult2060501402.pdf
C:\ProgramData\Jenkins\.jenkins\LIMS\TestReport\SampleResult432358659.pdf
C:\ProgramData\Jenkins\.jenkins\LIMS\TestReport\SampleResult467019988.pdf
C:\ProgramData\Jenkins\.jenkins\LIMS\TestReport\SampleResult496035251.pdf
C:\ProgramData\Jenkins\.jenkins\LIMS\TestReport\SampleResult507634594.pdf
C:\ProgramData\Jenkins\.jenkins\LIMS\TestReport\SampleResult848688847.pdf
C:\ProgramData\Jenkins\.jenkins\LIMS\TestReport\SIApproval-100878339.pdf
C:\ProgramData\Jenkins\.jenkins\LIMS\TestReport\SIApproval-1022040919.pdf
C:\ProgramData\Jenkins\.jenkins\LIMS\TestReport\SIApproval-1106944182.pdf
C:\ProgramData\Jenkins\.jenkins\LIMS\TestReport\SIApproval-1113966136.pdf
C:\ProgramData\Jenkins\.jenkins\LIMS\TestReport\SIApproval-1157751188.pdf
C:\ProgramData\Jenkins\.jenkins\LIMS\TestReport\SIApproval-1173690137.pdf
C:\ProgramData\Jenkins\.jenkins\LIMS\TestReport\SIApproval-1252634659.pdf
C:\ProgramData\Jenkins\.jenkins\LIMS\TestReport\SIApproval-1312787557.pdf
C:\ProgramData\Jenkins\.jenkins\LIMS\TestReport\SIApproval-1397064634.pdf
C:\ProgramData\Jenkins\.jenkins\LIMS\TestReport\SIApproval-1794691533.pdf
C:\ProgramData\Jenkins\.jenkins\LIMS\TestReport\SIApproval-1842327306.pdf
C:\ProgramData\Jenkins\.jenkins\LIMS\TestReport\SIApproval-1858328116.pdf
C:\ProgramData\Jenkins\.jenkins\LIMS\TestReport\SIApproval-1990415924.pdf
C:\ProgramData\Jenkins\.jenkins\LIMS\TestReport\SIApproval-2032364079.pdf
C:\ProgramData\Jenkins\.jenkins\LIMS\TestReport\SIApproval-2115831349.pdf
C:\ProgramData\Jenkins\.jenkins\LIMS\TestReport\SIApproval-267477087.pdf
C:\ProgramData\Jenkins\.jenkins\LIMS\TestReport\SIApproval-396656927.pdf
C:\ProgramData\Jenkins\.jenkins\LIMS\TestReport\SIApproval-657026610.pdf
C:\ProgramData\Jenkins\.jenkins\LIMS\TestReport\SIApproval-738602772.pdf
C:\ProgramData\Jenkins\.jenkins\LIMS\TestReport\SIApproval-790611622.pdf
C:\ProgramData\Jenkins\.jenkins\LIMS\TestReport\SIApproval-996412715.pdf
C:\ProgramData\Jenkins\.jenkins\LIMS\TestReport\SIApproval1101908556.pdf
C:\ProgramData\Jenkins\.jenkins\LIMS\TestReport\SIApproval1216753602.pdf
C:\ProgramData\Jenkins\.jenkins\LIMS\TestReport\SIApproval1511681178.pdf
C:\ProgramData\Jenkins\.jenkins\LIMS\TestReport\SIApproval1764025631.pdf
C:\ProgramData\Jenkins\.jenkins\LIMS\TestReport\SIApproval1945342045.pdf
C:\ProgramData\Jenkins\.jenkins\LIMS\TestReport\SIApproval2012288864.pdf
C:\ProgramData\Jenkins\.jenkins\LIMS\TestReport\SIApproval208546961.pdf
C:\ProgramData\Jenkins\.jenkins\LIMS\TestReport\SIApproval212968451.pdf
C:\ProgramData\Jenkins\.jenkins\LIMS\TestReport\SIApproval2139042039.pdf
C:\ProgramData\Jenkins\.jenkins\LIMS\TestReport\SIApproval219816741.pdf
C:\ProgramData\Jenkins\.jenkins\LIMS\TestReport\SIApproval275704404.pdf
C:\ProgramData\Jenkins\.jenkins\LIMS\TestReport\SIApproval577925903.pdf
C:\ProgramData\Jenkins\.jenkins\LIMS\TestReport\SIApproval611465549.pdf
C:\ProgramData\Jenkins\.jenkins\LIMS\TestReport\SIApproval612450130.pdf
C:\ProgramData\Jenkins\.jenkins\LIMS\TestReport\SIApproval766003.pdf
C:\ProgramData\Jenkins\.jenkins\LIMS\TestReport\SIApproval902925940.pdf
C:\ProgramData\Jenkins\.jenkins\LIMS\TestReport\SIApproval904683341.pdf
C:\ProgramData\Jenkins\.jenkins\LIMS\TestReport\SIRecheckApproval-2085320385.pdf
C:\ProgramData\Jenkins\.jenkins\LIMS\TestReport\SIRecheckApproval625205762.pdf
C:\ProgramData\Jenkins\.jenkins\LIMS\TestReport\StorageCondition-1006827612.pdf
C:\ProgramData\Jenkins\.jenkins\LIMS\TestReport\StorageCondition-1549653553.pdf
C:\ProgramData\Jenkins\.jenkins\LIMS\TestReport\StorageCondition-473350275.pdf
C:\ProgramData\Jenkins\.jenkins\LIMS\TestReport\StorageCondition-631482090.pdf
C:\ProgramData\Jenkins\.jenkins\LIMS\TestReport\StorageCondition-79359196.pdf
C:\ProgramData\Jenkins\.jenkins\LIMS\TestReport\StorageCondition-833727619.pdf
C:\ProgramData\Jenkins\.jenkins\LIMS\TestReport\StorageCondition1399736292.pdf
C:\ProgramData\Jenkins\.jenkins\LIMS\TestReport\StorageCondition143078912.pdf
C:\ProgramData\Jenkins\.jenkins\LIMS\TestReport\TestApprove-1080398402.pdf
C:\ProgramData\Jenkins\.jenkins\LIMS\TestReport\TestApprove-1214497477.pdf
C:\ProgramData\Jenkins\.jenkins\LIMS\TestReport\TestApprove-1401703699.pdf
C:\ProgramData\Jenkins\.jenkins\LIMS\TestReport\TestApprove-813751106.pdf
C:\ProgramData\Jenkins\.jenkins\LIMS\TestReport\TestRegistration-1012121376.pdf
C:\ProgramData\Jenkins\.jenkins\LIMS\TestReport\TestRegistration-1625484428.pdf
C:\ProgramData\Jenkins\.jenkins\LIMS\TestReport\TestRegistration785382797.pdf
C:\ProgramData\Jenkins\.jenkins\LIMS\TestReport\TestReject-1826577260.pdf
C:\ProgramData\Jenkins\.jenkins\LIMS\TestReport\TestReject2031737240.pdf
C:\ProgramData\Jenkins\.jenkins\LIMS\TestReport\TestTemplate-1133490934.pdf
C:\ProgramData\Jenkins\.jenkins\LIMS\TestReport\TestTemplate-1217949744.pdf
C:\ProgramData\Jenkins\.jenkins\LIMS\TestReport\TestTemplate426866209.pdf
870 File(s) copied

C:\ProgramData\Jenkins\.jenkins\LIMS\PDFsCopy>cd C:\ProgramData\Jenkins\.jenkins\LIMS\TestReport 

C:\ProgramData\Jenkins\.jenkins\LIMS\TestReport>del *.pdf 

C:\ProgramData\Jenkins\.jenkins\LIMS\TestReport>exit
